15.549,0.0092604,116.5,4.3528e-06
17.792,0.0070724,114.39,3.3076e-05
20.15,0.0055138,120.77,7.2244e-05
22.624,0.0043741,136.3,0.00018767
25.212,0.003522,80.045,0.000872
27.916,0.0028729,55.915,0.0019145
30.734,0.0023701,39.559,0.0034921
33.668,0.0019751,35.483,0.004515
36.717,0.0016607,30.734,0.0057129
39.88,0.0014077,26.821,0.008693
43.159,0.0012019,23.904,0.012557
46.553,0.0010331,21.373,0.017438
50.062,0.00089332,19.909,0.030828
50.777,0.00086832,15.988,0.050131
51.497,0.0008442,NaN,NaN
52.222,0.00082093,NaN,NaN
52.952,0.00079847,NaN,NaN
53.686,0.00077679,NaN,NaN
54.424,0.00075585,NaN,NaN
55.167,0.00073562,NaN,NaN
55.915,0.00071608,NaN,NaN
56.667,0.00069719,NaN,NaN
57.424,0.00067893,NaN,NaN
58.186,0.00066127,NaN,NaN
58.952,0.00064419,NaN,NaN
59.723,0.00062767,NaN,NaN
60.498,0.00061169,NaN,NaN
61.278,0.00059621,NaN,NaN
62.063,0.00058123,NaN,NaN
62.852,0.00056673,NaN,NaN
63.646,0.00055268,NaN,NaN
64.444,0.00053907,NaN,NaN
65.247,0.00052588,NaN,NaN
66.055,0.0005131,NaN,NaN
66.867,0.00050071,NaN,NaN
67.684,0.0004887,NaN,NaN
68.505,0.00047705,NaN,NaN
69.331,0.00046575,NaN,NaN
70.162,0.00045479,NaN,NaN
70.997,0.00044415,NaN,NaN
71.837,0.00043383,NaN,NaN
72.681,0.00042381,NaN,NaN
73.53,0.00041408,NaN,NaN
74.384,0.00040463,NaN,NaN
75.242,0.00039545,NaN,NaN
76.105,0.00038653,NaN,NaN
76.973,0.00037787,NaN,NaN
77.845,0.00036945,NaN,NaN
78.721,0.00036127,NaN,NaN
79.602,0.00035332,NaN,NaN
80.488,0.00034558,NaN,NaN
81.379,0.00033806,NaN,NaN
82.274,0.00033075,NaN,NaN
83.173,0.00032363,NaN,NaN
84.078,0.00031671,NaN,NaN
84.987,0.00030997,NaN,NaN
85.9,0.00030341,NaN,NaN
86.818,0.00029703,NaN,NaN
87.741,0.00029081,NaN,NaN
88.668,0.00028476,NaN,NaN
89.6,0.00027887,NaN,NaN
90.536,0.00027313,NaN,NaN
91.477,0.00026754,NaN,NaN
92.423,0.00026209,NaN,NaN
93.373,0.00025679,NaN,NaN
94.328,0.00025161,NaN,NaN
95.287,0.00024657,NaN,NaN
96.252,0.00024166,NaN,NaN
97.22,0.00023687,NaN,NaN
98.193,0.00023219,NaN,NaN
99.171,0.00022764,NaN,NaN
100.15,0.00022319,NaN,NaN
101.14,0.00021886,NaN,NaN
102.13,0.00021463,NaN,NaN
103.13,0.0002105,NaN,NaN
104.13,0.00020647,NaN,NaN
105.14,0.00020254,NaN,NaN
106.15,0.00019871,NaN,NaN
107.16,0.00019496,NaN,NaN
108.18,0.00019131,NaN,NaN
109.2,0.00018774,NaN,NaN
110.23,0.00018425,NaN,NaN
111.26,0.00018084,NaN,NaN
112.3,0.00017752,NaN,NaN
113.34,0.00017427,NaN,NaN
114.39,0.00017109,NaN,NaN
115.44,0.00016799,NaN,NaN
116.5,0.00016496,NaN,NaN
117.56,0.00016199,NaN,NaN
118.63,0.0001591,NaN,NaN
119.7,0.00015627,NaN,NaN
120.77,0.0001535,NaN,NaN
121.85,0.00015079,NaN,NaN
122.93,0.00014814,NaN,NaN
124.02,0.00014556,NaN,NaN
125.11,0.00014302,NaN,NaN
126.21,0.00014055,NaN,NaN
127.31,0.00013812,NaN,NaN
128.42,0.00013575,NaN,NaN
129.53,0.00013343,NaN,NaN
130.65,0.00013116,NaN,NaN
131.77,0.00012894,NaN,NaN
132.89,0.00012677,NaN,NaN
134.02,0.00012464,NaN,NaN
135.16,0.00012256,NaN,NaN
136.3,0.00012052,NaN,NaN
137.44,0.00011852,NaN,NaN
138.59,0.00011657,NaN,NaN
139.74,0.00011465,NaN,NaN
140.9,0.00011277,NaN,NaN
142.06,0.00011094,NaN,NaN
143.23,0.00010914,NaN,NaN
144.4,0.00010737,NaN,NaN
145.57,0.00010565,NaN,NaN
146.75,0.00010395,NaN,NaN
147.94,0.0001023,NaN,NaN
149.13,0.00010067,NaN,NaN
150.32,9.9077e-05,NaN,NaN
151.52,9.7515e-05,NaN,NaN
152.72,9.5985e-05,NaN,NaN
153.93,9.4484e-05,NaN,NaN
155.14,9.3013e-05,NaN,NaN
156.36,9.1571e-05,NaN,NaN
157.58,9.0156e-05,NaN,NaN
158.81,8.8769e-05,NaN,NaN
160.04,8.7409e-05,NaN,NaN
161.28,8.6075e-05,NaN,NaN
162.52,8.4766e-05,NaN,NaN
163.76,8.3482e-05,NaN,NaN
165.01,8.2223e-05,NaN,NaN
166.26,8.0987e-05,NaN,NaN
167.52,7.9775e-05,NaN,NaN
168.79,7.8585e-05,NaN,NaN
170.05,7.7418e-05,NaN,NaN
171.33,7.6272e-05,NaN,NaN
172.6,7.5148e-05,NaN,NaN
173.89,7.4044e-05,NaN,NaN
175.17,7.2961e-05,NaN,NaN
176.46,7.1898e-05,NaN,NaN
177.76,7.0853e-05,NaN,NaN
179.06,6.9828e-05,NaN,NaN
180.36,6.8822e-05,NaN,NaN
181.67,6.7834e-05,NaN,NaN
182.98,6.6863e-05,NaN,NaN
184.3,6.591e-05,NaN,NaN
185.63,6.4974e-05,NaN,NaN
186.95,6.4054e-05,NaN,NaN
188.29,6.3151e-05,NaN,NaN
189.62,6.2264e-05,NaN,NaN
190.96,6.1392e-05,NaN,NaN
192.31,6.0536e-05,NaN,NaN
193.66,5.9694e-05,NaN,NaN
195.02,5.8867e-05,NaN,NaN
196.38,5.8055e-05,NaN,NaN
197.74,5.7257e-05,NaN,NaN
199.11,5.6472e-05,NaN,NaN
200.48,5.5701e-05,NaN,NaN
201.86,5.4943e-05,NaN,NaN
203.24,5.4198e-05,NaN,NaN
204.63,5.3465e-05,NaN,NaN
206.02,5.2745e-05,NaN,NaN
207.42,5.2037e-05,NaN,NaN
208.82,5.1341e-05,NaN,NaN
210.23,5.0657e-05,NaN,NaN
211.64,4.9984e-05,NaN,NaN
213.05,4.9322e-05,NaN,NaN
214.47,4.8671e-05,NaN,NaN
215.9,4.8031e-05,NaN,NaN
217.33,4.7402e-05,NaN,NaN
218.76,4.6783e-05,NaN,NaN
220.2,4.6174e-05,NaN,NaN
221.64,4.5575e-05,NaN,NaN
223.09,4.4985e-05,NaN,NaN
224.54,4.4405e-05,NaN,NaN
226,4.3835e-05,NaN,NaN
227.46,4.3273e-05,NaN,NaN
228.92,4.2721e-05,NaN,NaN
230.39,4.2178e-05,NaN,NaN
231.87,4.1643e-05,NaN,NaN
233.35,4.1116e-05,NaN,NaN
234.83,4.0598e-05,NaN,NaN
236.32,4.0088e-05,NaN,NaN
237.81,3.9587e-05,NaN,NaN
239.31,3.9093e-05,NaN,NaN
240.81,3.8606e-05,NaN,NaN
242.32,3.8128e-05,NaN,NaN
243.83,3.7656e-05,NaN,NaN
245.35,3.7192e-05,NaN,NaN
246.87,3.6735e-05,NaN,NaN
248.39,3.6286e-05,NaN,NaN
249.92,3.5843e-05,NaN,NaN
251.46,3.5406e-05,NaN,NaN
253,3.4977e-05,NaN,NaN
254.54,3.4554e-05,NaN,NaN
256.09,3.4137e-05,NaN,NaN
257.64,3.3727e-05,NaN,NaN
259.2,3.3323e-05,NaN,NaN
260.76,3.2925e-05,NaN,NaN
262.33,3.2533e-05,NaN,NaN
263.9,3.2146e-05,NaN,NaN
265.48,3.1766e-05,NaN,NaN
267.06,3.1391e-05,NaN,NaN
268.64,3.1021e-05,NaN,NaN
270.23,3.0658e-05,NaN,NaN
271.83,3.0299e-05,NaN,NaN
273.43,2.9946e-05,NaN,NaN
275.03,2.9597e-05,NaN,NaN
276.64,2.9254e-05,NaN,NaN
278.25,2.8916e-05,NaN,NaN
279.87,2.8583e-05,NaN,NaN
281.49,2.8254e-05,NaN,NaN
283.12,2.7931e-05,NaN,NaN
284.75,2.7611e-05,NaN,NaN
286.39,2.7297e-05,NaN,NaN
288.03,2.6987e-05,NaN,NaN
289.67,2.6681e-05,NaN,NaN
291.32,2.638e-05,NaN,NaN
292.98,2.6083e-05,NaN,NaN
294.63,2.579e-05,NaN,NaN
296.3,2.5501e-05,NaN,NaN
297.97,2.5216e-05,NaN,NaN
299.64,2.4936e-05,NaN,NaN
301.32,2.4659e-05,NaN,NaN
303,2.4386e-05,NaN,NaN
304.68,2.4117e-05,NaN,NaN
306.38,2.3851e-05,NaN,NaN
308.07,2.3589e-05,NaN,NaN
309.77,2.3331e-05,NaN,NaN
311.48,2.3076e-05,NaN,NaN
313.19,2.2825e-05,NaN,NaN
314.9,2.2577e-05,NaN,NaN
316.62,2.2333e-05,NaN,NaN
318.34,2.2092e-05,NaN,NaN
320.07,2.1854e-05,NaN,NaN
321.8,2.1619e-05,NaN,NaN
323.54,2.1387e-05,NaN,NaN
325.28,2.1159e-05,NaN,NaN
327.03,2.0934e-05,NaN,NaN
328.78,2.0711e-05,NaN,NaN
330.53,2.0492e-05,NaN,NaN
332.3,2.0275e-05,NaN,NaN
334.06,2.0062e-05,NaN,NaN
335.83,1.9851e-05,NaN,NaN
337.6,1.9643e-05,NaN,NaN
339.38,1.9437e-05,NaN,NaN
341.16,1.9235e-05,NaN,NaN
342.95,1.9035e-05,NaN,NaN
344.75,1.8837e-05,NaN,NaN
346.54,1.8643e-05,NaN,NaN
348.34,1.845e-05,NaN,NaN
350.15,1.826e-05,NaN,NaN
351.96,1.8073e-05,NaN,NaN
353.78,1.7888e-05,NaN,NaN
355.6,1.7705e-05,NaN,NaN
357.42,1.7525e-05,NaN,NaN
359.25,1.7347e-05,NaN,NaN
361.08,1.7171e-05,NaN,NaN
362.92,1.6998e-05,NaN,NaN
364.76,1.6826e-05,NaN,NaN
366.61,1.6657e-05,NaN,NaN
368.46,1.649e-05,NaN,NaN
370.32,1.6325e-05,NaN,NaN
372.18,1.6162e-05,NaN,NaN
374.05,1.6001e-05,NaN,NaN
375.92,1.5843e-05,NaN,NaN
377.79,1.5686e-05,NaN,NaN
379.67,1.5531e-05,NaN,NaN
381.56,1.5378e-05,NaN,NaN
383.45,1.5227e-05,NaN,NaN
385.34,1.5077e-05,NaN,NaN
387.24,1.493e-05,NaN,NaN
389.14,1.4784e-05,NaN,NaN
391.05,1.464e-05,NaN,NaN
392.96,1.4498e-05,NaN,NaN
394.88,1.4358e-05,NaN,NaN
396.8,1.4219e-05,NaN,NaN
398.73,1.4082e-05,NaN,NaN
400.66,1.3947e-05,NaN,NaN
402.59,1.3813e-05,NaN,NaN
404.53,1.3681e-05,NaN,NaN
406.47,1.355e-05,NaN,NaN
408.42,1.3421e-05,NaN,NaN
410.38,1.3294e-05,NaN,NaN
412.34,1.3168e-05,NaN,NaN
414.3,1.3043e-05,NaN,NaN
416.27,1.292e-05,NaN,NaN
418.24,1.2799e-05,NaN,NaN
420.21,1.2679e-05,NaN,NaN
422.19,1.256e-05,NaN,NaN
424.18,1.2443e-05,NaN,NaN
426.17,1.2327e-05,NaN,NaN
428.17,1.2212e-05,NaN,NaN
430.16,1.2099e-05,NaN,NaN
432.17,1.1987e-05,NaN,NaN
434.18,1.1876e-05,NaN,NaN
436.19,1.1767e-05,NaN,NaN
438.21,1.1659e-05,NaN,NaN
440.23,1.1552e-05,NaN,NaN
442.26,1.1446e-05,NaN,NaN
444.29,1.1342e-05,NaN,NaN
446.33,1.1239e-05,NaN,NaN
448.37,1.1137e-05,NaN,NaN
450.41,1.1036e-05,NaN,NaN
452.46,1.0936e-05,NaN,NaN
454.52,1.0837e-05,NaN,NaN
456.58,1.074e-05,NaN,NaN
458.64,1.0643e-05,NaN,NaN
460.71,1.0548e-05,NaN,NaN
