190,8.6161e+05,1.7279e+05,6.9032e+05,1497.3
200,6.6785e+05,1.3504e+05,5.3439e+05,1580.5
210,5.2606e+05,1.0712e+05,4.206e+05,1655.8
220,4.2016e+05,86112,3.3577e+05,1724.2
230,3.3964e+05,70053,2.7137e+05,1786.7
240,2.7747e+05,57602,2.2172e+05,1844
250,2.2883e+05,47824,1.829e+05,1896.6
260,1.9031e+05,40056,1.5219e+05,1945.3
270,1.5946e+05,33818,1.2764e+05,1990.3
280,1.3453e+05,28761,1.0781e+05,2032.1
290,1.142e+05,24624,91649,2071
300,97487,21213,78382,2107.4
310,83642,18378,67406,2141.4
312,81165,17870,65444,2147.9
314,78776,17379,63551,2154.4
316,76470,16905,61726,2160.7
318,74245,16448,59964,2167
320,72097,16006,58265,2173.2
322,70023,15579,56624,2179.4
324,68020,15166,55039,2185.4
326,66085,14767,53509,2191.4
328,64215,14381,52031,2197.3
330,62408,14008,50603,2203.2
332,60661,13647,49223,2208.9
334,58972,13298,47889,2214.6
336,57338,12960,46599,2220.3
338,55758,12632,45351,2225.8
340,54229,12315,44145,2231.3
342,52749,12008,42977,2236.8
344,51316,11711,41848,2242.1
346,49930,11423,40754,2247.5
348,48587,11144,39696,2252.7
350,47286,10873,38671,2257.9
352,46026,10611,37678,2263
354,44805,10356,36717,2268.1
356,43622,10109,35785,2273.1
358,42475,9870,34883,2278.1
360,41363,9637.7,34008,2283
362,40285,9412.3,33160,2287.8
364,39239,9193.5,32338,2292.6
366,38224,8981.1,31541,2297.4
368,37240,8774.8,30767,2302.1
370,36285,8574.5,30017,2306.7
372,35358,8379.9,29290,2311.3
374,34458,8190.9,28583,2315.9
376,33585,8007.2,27898,2320.4
378,32736,7828.7,27232,2324.8
380,31912,7655.1,26586,2329.2
382,31112,7486.4,25959,2333.6
384,30334,7322.4,25350,2337.9
386,29579,7162.9,24758,2342.1
388,28845,7007.7,24183,2346.4
390,28131,6856.8,23625,2350.5
392,27437,6709.9,23082,2354.7
394,26762,6567,22554,2358.8
396,26106,6427.9,22041,2362.8
398,25468,6292.5,21543,2366.8
400,24847,6160.6,21058,2370.8
402,24244,6032.3,20586,2374.7
404,23656,5907.2,20127,2378.6
406,23084,5785.5,19681,2382.5
408,22527,5666.9,19247,2386.3
410,21986,5551.3,18824,2390.1
412,21458,5438.7,18413,2393.8
414,20944,5329,18013,2397.5
416,20444,5222,17623,2401.2
418,19957,5117.7,17244,2404.8
420,19482,5016,16875,2408.4
422,19020,4916.9,16515,2412
424,18569,4820.2,16165,2415.5
426,18130,4725.9,15823,2419
428,17702,4634,15491,2422.5
430,17285,4544.2,15167,2425.9
432,16879,4456.7,14851,2429.3
434,16482,4371.2,14544,2432.7
436,16095,4287.9,14244,2436
438,15718,4206.5,13951,2439.4
440,15351,4127,13666,2442.6
442,14992,4049.4,13388,2445.9
444,14642,3973.7,13117,2449.1
446,14300,3899.7,12853,2452.3
448,13967,3827.5,12595,2455.5
450,13642,3756.9,12343,2458.6
452,13324,3688,12098,2461.7
454,13014,3620.6,11859,2464.8
456,12712,3554.8,11625,2467.8
458,12416,3490.5,11397,2470.9
460,12128,3427.6,11174,2473.9
462,11846,3366.2,10957,2476.8
464,11571,3306.1,10745,2479.8
466,11302,3247.4,10537,2482.7
468,11040,3190,10335,2485.6
470,10783,3133.9,10138,2488.5
472,10532,3079,9944.7,2491.3
474,10287,3025.3,9756.2,2494.2
476,10048,2972.8,9572.1,2497
478,9813.9,2921.4,9392.3,2499.8
480,9585.1,2871.1,9216.5,2502.5
482,9361.5,2822,9044.8,2505.2
484,9142.8,2773.8,8876.9,2507.9
486,8929,2726.7,8712.9,2510.6
488,8719.9,2680.6,8552.5,2513.3
490,8515.4,2635.5,8395.8,2515.9
492,8315.3,2591.4,8242.6,2518.6
494,8119.7,2548.1,8092.7,2521.2
496,7928.2,2505.8,7946.2,2523.7
498,7740.9,2464.3,7802.9,2526.3
500,7557.7,2423.7,7662.8,2528.8
502,7378.3,2384,7525.7,2531.4
504,7202.8,2345,7391.7,2533.9
506,7031.1,2306.9,7260.5,2536.3
508,6862.9,2269.5,7132.2,2538.8
510,6698.3,2232.9,7006.6,2541.2
512,6537.1,2197,6883.8,2543.7
514,6379.4,2161.9,6763.5,2546.1
516,6224.9,2127.4,6645.9,2548.5
518,6073.6,2093.7,6530.7,2550.8
520,5925.4,2060.6,6417.9,2553.2
522,5780.3,2028.2,6307.6,2555.5
524,5638.1,1996.4,6199.5,2557.8
526,5498.8,1965.2,6093.7,2560.1
528,5362.4,1934.6,5990.1,2562.4
530,5228.7,1904.7,5888.7,2564.6
532,5097.7,1875.3,5789.3,2566.9
534,4969.4,1846.5,5692,2569.1
536,4843.6,1818.2,5596.7,2571.3
538,4720.3,1790.5,5503.3,2573.5
540,4599.5,1763.3,5411.8,2575.7
542,4481,1736.6,5322.2,2577.8
544,4364.9,1710.5,5234.4,2580
546,4251.1,1684.8,5148.4,2582.1
548,4139.4,1659.6,5064.1,2584.2
550,4030,1634.9,4981.4,2586.3
552,3922.7,1610.6,4900.4,2588.4
554,3817.4,1586.8,4821.1,2590.5
556,3714.2,1563.4,4743.2,2592.5
558,3612.9,1540.5,4666.9,2594.6
560,3513.6,1518,4592.2,2596.6
562,3416.1,1495.9,4518.8,2598.6
564,3320.5,1474.2,4446.9,2600.6
566,3226.7,1452.9,4376.4,2602.6
568,3134.7,1432,4307.3,2604.5
570,3044.4,1411.4,4239.5,2606.5
572,2955.8,1391.2,4173,2608.4
574,2868.8,1371.4,4107.7,2610.4
576,2783.4,1352,4043.7,2612.3
578,2699.6,1332.8,3980.9,2614.2
580,2617.4,1314.1,3919.4,2616
582,2536.6,1295.6,3858.9,2617.9
584,2457.4,1277.5,3799.6,2619.8
586,2379.5,1259.7,3741.5,2621.6
588,2303.1,1242.2,3684.4,2623.5
590,2228.1,1225,3628.3,2625.3
592,2154.4,1208.1,3573.3,2627.1
594,2082,1191.5,3519.4,2628.9
596,2010.9,1175.2,3466.4,2630.7
598,1941.1,1159.2,3414.4,2632.5
600,1872.5,1143.4,3363.3,2634.2
602,1805.1,1127.9,3313.2,2636
604,1738.9,1112.7,3264,2637.7
606,1673.9,1097.7,3215.6,2639.4
608,1610,1083,3168.2,2641.1
610,1547.2,1068.5,3121.6,2642.9
612,1485.5,1054.3,3075.8,2644.5
614,1424.9,1040.3,3030.9,2646.2
616,1365.3,1026.5,2986.7,2647.9
618,1306.8,1013,2943.4,2649.6
620,1249.2,999.67,2900.8,2651.2
622,1192.6,986.58,2858.9,2652.9
624,1137,973.7,2817.8,2654.5
626,1082.4,961.03,2777.4,2656.1
628,1028.6,948.57,2737.7,2657.7
630,975.76,936.31,2698.8,2659.3
632,923.8,924.25,2660.4,2660.9
634,872.7,912.38,2622.8,2662.5
636,822.46,900.7,2585.8,2664
638,773.05,889.21,2549.4,2665.6
640,724.45,877.91,2513.7,2667.1
642,676.66,866.78,2478.6,2668.7
644,629.65,855.83,2444,2670.2
646,583.41,845.05,2410.1,2671.7
648,537.93,834.45,2376.7,2673.2
650,493.18,824.01,2343.9,2674.7
652,449.16,813.73,2311.7,2676.2
654,405.84,803.61,2280,2677.7
656,363.23,793.65,2248.8,2679.2
658,321.3,783.85,2218.1,2680.7
660,280.04,774.19,2188,2682.1
662,239.43,764.69,2158.3,2683.6
664,199.47,755.33,2129.1,2685
666,160.15,746.11,2100.5,2686.4
668,121.44,737.04,2072.2,2687.8
670,83.343,728.1,2044.5,2689.3
672,45.842,719.3,2017.2,2690.7
674,8.9271,710.63,1990.4,2692.1
676,-27.413,702.09,1963.9,2693.4
678,-63.19,693.69,1938,2694.8
680,-98.413,685.4,1912.4,2696.2
682,-133.09,677.24,1887.2,2697.6
684,-167.24,669.2,1862.5,2698.9
686,-200.86,661.29,1838.1,2700.3
688,-233.97,653.48,1814.1,2701.6
690,-266.58,645.8,1790.6,2702.9
692,-298.69,638.22,1767.3,2704.3
694,-330.32,630.76,1744.5,2705.6
696,-361.47,623.41,1722,2706.9
698,-392.15,616.16,1699.9,2708.2
700,-422.37,609.02,1678.1,2709.5
702,-452.14,601.99,1656.6,2710.8
704,-481.47,595.05,1635.5,2712
706,-510.36,588.21,1614.7,2713.3
708,-538.82,581.48,1594.3,2714.6
710,-566.87,574.84,1574.1,2715.8
712,-594.5,568.29,1554.3,2717.1
714,-621.72,561.84,1534.8,2718.3
716,-648.55,555.48,1515.5,2719.6
718,-674.99,549.2,1496.6,2720.8
720,-701.05,543.02,1478,2722
722,-726.72,536.93,1459.6,2723.2
724,-752.03,530.92,1441.5,2724.4
726,-776.97,524.99,1423.7,2725.7
728,-801.56,519.15,1406.1,2726.8
730,-825.79,513.39,1388.9,2728
732,-849.68,507.7,1371.8,2729.2
734,-873.22,502.1,1355.1,2730.4
736,-896.44,496.58,1338.6,2731.6
738,-919.33,491.13,1322.3,2732.7
740,-941.89,485.75,1306.2,2733.9
742,-964.14,480.45,1290.5,2735
744,-986.07,475.22,1274.9,2736.2
746,-1007.7,470.06,1259.6,2737.3
748,-1029,464.97,1244.5,2738.5
750,-1050.1,459.95,1229.6,2739.6
752,-1070.8,455,1214.9,2740.7
754,-1091.3,450.12,1200.4,2741.8
756,-1111.4,445.3,1186.2,2742.9
758,-1131.3,440.55,1172.2,2744
760,-1151,435.85,1158.3,2745.1
762,-1170.3,431.23,1144.7,2746.2
764,-1189.4,426.66,1131.2,2747.3
766,-1208.3,422.15,1118,2748.4
768,-1226.8,417.7,1104.9,2749.5
770,-1245.2,413.32,1092,2750.5
772,-1263.3,408.98,1079.4,2751.6
774,-1281.1,404.71,1066.8,2752.7
776,-1298.7,400.49,1054.5,2753.7
778,-1316.1,396.33,1042.4,2754.8
780,-1333.2,392.22,1030.4,2755.8
782,-1350.1,388.16,1018.5,2756.8
784,-1366.8,384.16,1006.9,2757.9
786,-1383.3,380.21,995.39,2758.9
788,-1399.5,376.31,984.05,2759.9
790,-1415.6,372.45,972.88,2760.9
792,-1431.4,368.65,961.86,2761.9
794,-1447.1,364.9,950.99,2762.9
796,-1462.5,361.19,940.27,2763.9
798,-1477.7,357.54,929.7,2764.9
800,-1492.7,353.92,919.27,2765.9
802,-1507.6,350.36,908.99,2766.9
804,-1522.2,346.84,898.84,2767.9
806,-1536.7,343.36,888.83,2768.9
808,-1551,339.92,878.96,2769.8
810,-1565,336.53,869.23,2770.8
812,-1579,333.18,859.62,2771.8
814,-1592.7,329.88,850.15,2772.7
816,-1606.3,326.61,840.8,2773.7
818,-1619.7,323.39,831.58,2774.6
820,-1632.9,320.2,822.48,2775.6
822,-1645.9,317.05,813.5,2776.5
824,-1658.8,313.95,804.64,2777.4
826,-1671.6,310.88,795.9,2778.4
828,-1684.2,307.84,787.28,2779.3
830,-1696.6,304.85,778.76,2780.2
832,-1708.9,301.89,770.37,2781.1
834,-1721,298.97,762.08,2782
836,-1733,296.08,753.9,2782.9
838,-1744.8,293.23,745.83,2783.8
840,-1756.5,290.41,737.86,2784.7
842,-1768,287.63,730,2785.6
844,-1779.4,284.87,722.23,2786.5
846,-1790.7,282.16,714.57,2787.4
848,-1801.8,279.47,707.01,2788.3
850,-1812.8,276.82,699.55,2789.2
852,-1823.7,274.19,692.18,2790
854,-1834.4,271.6,684.91,2790.9
856,-1845,269.04,677.73,2791.8
858,-1855.5,266.51,670.64,2792.6
860,-1865.8,264.01,663.64,2793.5
862,-1876.1,261.54,656.74,2794.3
864,-1886.2,259.1,649.91,2795.2
866,-1896.2,256.68,643.18,2796
868,-1906.1,254.3,636.53,2796.9
870,-1915.8,251.94,629.97,2797.7
872,-1925.5,249.61,623.48,2798.6
874,-1935,247.3,617.08,2799.4
876,-1944.4,245.03,610.76,2800.2
878,-1953.7,242.78,604.52,2801
880,-1962.9,240.55,598.35,2801.8
882,-1972,238.35,592.27,2802.7
884,-1981,236.18,586.25,2803.5
886,-1989.9,234.03,580.32,2804.3
888,-1998.7,231.9,574.45,2805.1
890,-2007.4,229.8,568.66,2805.9
892,-2016,227.72,562.94,2806.7
894,-2024.5,225.67,557.29,2807.5
896,-2032.9,223.64,551.71,2808.3
898,-2041.2,221.63,546.19,2809
900,-2049.4,219.65,540.75,2809.8
