190,7.8247e+05,1.9825e+05,5.8533e+05,1113.1
200,5.9899e+05,1.5405e+05,4.4612e+05,1174.9
210,4.6791e+05,1.2166e+05,3.4748e+05,1230.9
220,3.7182e+05,97452,2.7565e+05,1281.8
230,2.9983e+05,79056,2.2211e+05,1328.2
240,2.4489e+05,64859,1.814e+05,1370.8
250,2.0227e+05,53753,1.4993e+05,1409.9
260,1.6873e+05,44956,1.2522e+05,1446.1
270,1.4199e+05,37911,1.0556e+05,1479.6
280,1.2044e+05,32210,89743,1510.6
290,1.0289e+05,27555,76876,1539.6
300,88466,23722,66311,1566.6
310,76508,20540,57559,1591.9
312,74366,19970,55993,1596.7
314,72300,19420,54481,1601.5
316,70305,18889,53022,1606.3
318,68379,18376,51614,1610.9
320,66519,17881,50253,1615.6
322,64722,17402,48940,1620.1
324,62985,16940,47670,1624.6
326,61307,16493,46443,1629.1
328,59684,16061,45257,1633.5
330,58115,15643,44110,1637.8
332,56597,15238,43001,1642.1
334,55128,14847,41927,1646.3
336,53707,14469,40889,1650.5
338,52331,14103,39883,1654.7
340,50999,13748,38910,1658.7
342,49708,13404,37967,1662.8
344,48459,13072,37054,1666.8
346,47247,12749,36169,1670.7
348,46074,12437,35311,1674.6
350,44936,12134,34480,1678.5
352,43833,11841,33674,1682.3
354,42763,11556,32893,1686.1
356,41726,11280,32135,1689.8
358,40719,11013,31400,1693.5
360,39742,10753,30686,1697.1
362,38794,10501,29994,1700.8
364,37873,10257,29321,1704.3
366,36980,10019,28668,1707.8
368,36112,9788.6,28035,1711.3
370,35269,9564.8,27419,1714.8
372,34450,9347.3,26821,1718.2
374,33654,9136.1,26239,1721.6
376,32880,8930.9,25674,1724.9
378,32128,8731.5,25125,1728.2
380,31397,8537.7,24591,1731.5
382,30686,8349.2,24072,1734.7
384,29995,8166,23567,1737.9
386,29323,7987.9,23076,1741.1
388,28668,7814.6,22598,1744.3
390,28031,7646,22133,1747.4
392,27412,7482,21680,1750.4
394,26809,7322.4,21240,1753.5
396,26221,7167.1,20811,1756.5
398,25649,7016,20393,1759.5
400,25093,6868.8,19986,1762.4
402,24550,6725.5,19590,1765.3
404,24022,6585.9,19204,1768.2
406,23507,6450,18828,1771.1
408,23005,6317.6,18461,1773.9
410,22516,6188.7,18104,1776.8
412,22039,6063,17756,1779.5
414,21575,5940.5,17416,1782.3
416,21121,5821.2,17085,1785
418,20680,5704.8,16762,1787.7
420,20249,5591.4,16448,1790.4
422,19828,5480.7,16140,1793
424,19418,5372.9,15841,1795.7
426,19018,5267.7,15548,1798.3
428,18627,5165.1,15263,1800.9
430,18246,5064.9,14984,1803.4
432,17874,4967.3,14712,1805.9
434,17510,4872,14447,1808.4
436,17156,4778.9,14188,1810.9
438,16809,4688.1,13935,1813.4
440,16471,4599.5,13687,1815.8
442,16141,4513,13446,1818.2
444,15818,4428.5,13210,1820.6
446,15502,4346,12979,1823
448,15194,4265.4,12754,1825.4
450,14893,4186.7,12534,1827.7
452,14599,4109.8,12319,1830
454,14311,4034.7,12109,1832.3
456,14030,3961.3,11903,1834.6
458,13755,3889.6,11702,1836.8
460,13486,3819.5,11505,1839
462,13223,3751,11313,1841.3
464,12966,3684.1,11125,1843.5
466,12714,3618.6,10941,1845.6
468,12468,3554.6,10761,1847.8
470,12227,3492,10585,1849.9
472,11992,3430.8,10413,1852
474,11761,3370.9,10244,1854.1
476,11535,3312.4,10079,1856.2
478,11314,3255.1,9917.6,1858.3
480,11098,3199,9759.5,1860.3
482,10887,3144.2,9604.7,1862.4
484,10679,3090.6,9453.1,1864.4
486,10476,3038.1,9304.7,1866.4
488,10278,2986.7,9159.3,1868.4
490,10083,2936.4,9017,1870.3
492,9892.4,2887.1,8877.5,1872.3
494,9705.6,2838.9,8740.9,1874.2
496,9522.7,2791.8,8607,1876.1
498,9343.4,2745.5,8475.9,1878
500,9167.7,2700.3,8347.4,1879.9
502,8995.6,2656,8221.4,1881.8
504,8826.9,2612.6,8098,1883.6
506,8661.6,2570.1,7977,1885.5
508,8499.5,2528.4,7858.4,1887.3
510,8340.6,2487.6,7742.1,1889.1
512,8184.8,2447.6,7628.1,1890.9
514,8032,2408.4,7516.3,1892.7
516,7882.3,2370.1,7406.7,1894.5
518,7735.4,2332.4,7299.2,1896.2
520,7591.3,2295.6,7193.7,1898
522,7450,2259.4,7090.3,1899.7
524,7311.4,2224,6988.8,1901.4
526,7175.4,2189.2,6889.3,1903.1
528,7042,2155.2,6791.6,1904.8
530,6911.1,2121.8,6695.8,1906.5
532,6782.6,2089.1,6601.8,1908.2
534,6656.6,2056.9,6509.5,1909.8
536,6532.9,2025.4,6418.9,1911.5
538,6411.5,1994.6,6330,1913.1
540,6292.3,1964.3,6242.7,1914.7
542,6175.3,1934.5,6157.1,1916.3
544,6060.4,1905.4,6073,1917.9
546,5947.6,1876.8,5990.4,1919.5
548,5836.9,1848.7,5909.3,1921.1
550,5728.1,1821.1,5829.6,1922.6
552,5621.3,1794.1,5751.4,1924.2
554,5516.5,1767.6,5674.6,1925.7
556,5413.4,1741.5,5599.2,1927.3
558,5312.3,1716,5525,1928.8
560,5212.9,1690.9,5452.2,1930.3
562,5115.2,1666.3,5380.7,1931.8
564,5019.3,1642.1,5310.4,1933.2
566,4925,1618.3,5241.4,1934.7
568,4832.3,1595,5173.5,1936.2
570,4741.3,1572.1,5106.8,1937.6
572,4651.8,1549.7,5041.3,1939.1
574,4563.9,1527.6,4976.8,1940.5
576,4477.5,1505.9,4913.5,1941.9
578,4392.5,1484.6,4851.3,1943.3
580,4309,1463.7,4790.1,1944.7
582,4226.9,1443.1,4729.9,1946.1
584,4146.2,1422.9,4670.7,1947.5
586,4066.8,1403.1,4612.6,1948.9
588,3988.7,1383.6,4555.4,1950.3
590,3912,1364.5,4499.1,1951.6
592,3836.5,1345.6,4443.8,1953
594,3762.3,1327.1,4389.4,1954.3
596,3689.2,1309,4335.9,1955.6
598,3617.4,1291.1,4283.2,1956.9
600,3546.7,1273.5,4231.5,1958.2
602,3477.2,1256.3,4180.5,1959.5
604,3408.9,1239.3,4130.4,1960.8
606,3341.6,1222.6,4081.1,1962.1
608,3275.4,1206.2,4032.5,1963.4
610,3210.2,1190.1,3984.8,1964.7
612,3146.1,1174.2,3937.8,1965.9
614,3083,1158.7,3891.5,1967.2
616,3020.9,1143.3,3846,1968.4
618,2959.8,1128.2,3801.2,1969.7
620,2899.6,1113.4,3757.1,1970.9
622,2840.4,1098.8,3713.7,1972.1
624,2782.1,1084.5,3670.9,1973.3
626,2724.7,1070.4,3628.9,1974.5
628,2668.2,1056.5,3587.4,1975.7
630,2612.6,1042.8,3546.6,1976.9
632,2557.8,1029.4,3506.5,1978.1
634,2503.8,1016.2,3466.9,1979.2
636,2450.7,1003.2,3428,1980.4
638,2398.4,990.37,3389.6,1981.6
640,2346.9,977.77,3351.8,1982.7
642,2296.1,965.38,3314.6,1983.9
644,2246.1,953.18,3277.9,1985
646,2196.9,941.18,3241.8,1986.1
648,2148.3,929.36,3206.2,1987.3
650,2100.6,917.73,3171.2,1988.4
652,2053.5,906.28,3136.7,1989.5
654,2007.1,895.01,3102.6,1990.6
656,1961.4,883.92,3069.1,1991.7
658,1916.3,873,3036.1,1992.8
660,1871.9,862.24,3003.5,1993.9
662,1828.2,851.66,2971.5,1994.9
664,1785.1,841.23,2939.8,1996
666,1742.6,830.97,2908.7,1997.1
668,1700.7,820.86,2878,1998.1
670,1659.4,810.9,2847.7,1999.2
672,1618.8,801.1,2817.9,2000.2
674,1578.6,791.44,2788.5,2001.2
676,1539.1,781.93,2759.5,2002.3
678,1500.1,772.57,2730.9,2003.3
680,1461.7,763.34,2702.7,2004.3
682,1423.8,754.25,2674.9,2005.3
684,1386.4,745.3,2647.5,2006.3
686,1349.6,736.48,2620.5,2007.3
688,1313.3,727.79,2593.8,2008.3
690,1277.4,719.23,2567.5,2009.3
692,1242.1,710.79,2541.6,2010.3
694,1207.2,702.48,2516.1,2011.3
696,1172.9,694.29,2490.8,2012.3
698,1139,686.22,2466,2013.2
700,1105.5,678.27,2441.4,2014.2
702,1072.5,670.43,2417.2,2015.2
704,1040,662.7,2393.4,2016.1
706,1007.9,655.09,2369.8,2017
708,976.2,647.58,2346.6,2018
710,944.94,640.19,2323.7,2018.9
712,914.11,632.9,2301.1,2019.9
714,883.68,625.71,2278.8,2020.8
716,853.66,618.62,2256.7,2021.7
718,824.03,611.64,2235,2022.6
720,794.79,604.75,2213.6,2023.5
722,765.94,597.96,2192.4,2024.4
724,737.46,591.27,2171.5,2025.3
726,709.36,584.67,2150.9,2026.2
728,681.62,578.16,2130.6,2027.1
730,654.23,571.74,2110.5,2028
732,627.2,565.42,2090.7,2028.9
734,600.52,559.18,2071.1,2029.7
736,574.18,553.02,2051.8,2030.6
738,548.18,546.95,2032.7,2031.5
740,522.51,540.96,2013.9,2032.3
742,497.16,535.06,1995.3,2033.2
744,472.13,529.24,1976.9,2034
746,447.42,523.49,1958.8,2034.9
748,423.02,517.82,1940.9,2035.7
750,398.93,512.23,1923.3,2036.6
752,375.14,506.72,1905.8,2037.4
754,351.64,501.28,1888.6,2038.2
756,328.43,495.91,1871.6,2039.1
758,305.51,490.62,1854.8,2039.9
760,282.88,485.39,1838.2,2040.7
762,260.52,480.24,1821.8,2041.5
764,238.44,475.15,1805.6,2042.3
766,216.62,470.13,1789.6,2043.1
768,195.07,465.18,1773.8,2043.9
770,173.79,460.29,1758.2,2044.7
772,152.76,455.47,1742.8,2045.5
774,131.98,450.7,1727.6,2046.3
776,111.46,446.01,1712.5,2047.1
778,91.177,441.37,1697.7,2047.9
780,71.14,436.79,1683,2048.6
782,51.341,432.28,1668.5,2049.4
784,31.778,427.82,1654.1,2050.2
786,12.446,423.42,1640,2050.9
788,-6.6573,419.07,1626,2051.7
790,-25.536,414.78,1612.1,2052.4
792,-44.193,410.55,1598.5,2053.2
794,-62.632,406.37,1584.9,2053.9
796,-80.856,402.24,1571.6,2054.7
798,-98.867,398.17,1558.4,2055.4
800,-116.67,394.14,1545.3,2056.2
802,-134.27,390.17,1532.5,2056.9
804,-151.66,386.25,1519.7,2057.6
806,-168.86,382.38,1507.1,2058.3
808,-185.85,378.55,1494.7,2059.1
810,-202.66,374.77,1482.4,2059.8
812,-219.27,371.05,1470.2,2060.5
814,-235.69,367.36,1458.2,2061.2
816,-251.93,363.73,1446.3,2061.9
818,-267.99,360.13,1434.5,2062.6
820,-283.86,356.59,1422.9,2063.3
822,-299.56,353.08,1411.4,2064
824,-315.08,349.62,1400,2064.7
826,-330.43,346.2,1388.8,2065.4
828,-345.6,342.82,1377.7,2066.1
830,-360.61,339.49,1366.7,2066.8
832,-375.45,336.19,1355.8,2067.5
834,-390.13,332.94,1345.1,2068.1
836,-404.65,329.72,1334.4,2068.8
838,-419.01,326.55,1323.9,2069.5
840,-433.21,323.41,1313.5,2070.1
842,-447.26,320.31,1303.2,2070.8
844,-461.15,317.24,1293.1,2071.5
846,-474.9,314.21,1283,2072.1
848,-488.49,311.22,1273.1,2072.8
850,-501.94,308.27,1263.2,2073.4
852,-515.25,305.35,1253.5,2074.1
854,-528.41,302.46,1243.9,2074.7
856,-541.43,299.61,1234.3,2075.4
858,-554.32,296.79,1224.9,2076
860,-567.06,294.01,1215.6,2076.7
862,-579.68,291.25,1206.4,2077.3
864,-592.15,288.53,1197.2,2077.9
866,-604.5,285.85,1188.2,2078.5
868,-616.72,283.19,1179.3,2079.2
870,-628.81,280.56,1170.4,2079.8
872,-640.77,277.97,1161.7,2080.4
874,-652.61,275.4,1153,2081
876,-664.33,272.87,1144.4,2081.6
878,-675.93,270.36,1136,2082.3
880,-687.4,267.88,1127.6,2082.9
882,-698.76,265.43,1119.3,2083.5
884,-710,263.01,1111.1,2084.1
886,-721.13,260.62,1102.9,2084.7
888,-732.14,258.25,1094.9,2085.3
890,-743.04,255.91,1086.9,2085.9
892,-753.83,253.59,1079,2086.5
894,-764.51,251.31,1071.2,2087
896,-775.08,249.05,1063.5,2087.6
898,-785.55,246.81,1055.9,2088.2
900,-795.91,244.6,1048.3,2088.8
