190,3.9881e+05,2.1096e+05,1.8927e+05,1413.3
200,3.0957e+05,1.6554e+05,1.4552e+05,1491.8
210,2.4451e+05,1.3175e+05,1.1433e+05,1562.8
220,1.9603e+05,1.0619e+05,91466,1627.4
230,1.5922e+05,86574,74328,1686.4
240,1.3079e+05,71309,61226,1740.4
250,1.0853e+05,59287,51036,1790.2
260,90870,49713,42993,1836.1
270,76693,42011,36561,1878.6
280,65194,35756,31356,1918
290,55777,30633,27099,1954.8
300,47997,26403,23584,1989.1
310,41520,22884,20656,2021.2
312,40357,22253,20131,2027.3
314,39233,21644,19623,2033.4
316,38148,21056,19132,2039.4
318,37099,20487,18658,2045.4
320,36086,19938,18199,2051.2
322,35106,19407,17756,2057
324,34158,18895,17327,2062.7
326,33242,18399,16911,2068.4
328,32355,17919,16510,2074
330,31496,17455,16121,2079.5
332,30666,17006,15744,2084.9
334,29861,16572,15380,2090.3
336,29082,16151,15026,2095.6
338,28327,15744,14684,2100.9
340,27596,15350,14352,2106.1
342,26887,14968,14030,2111.2
344,26200,14598,13718,2116.3
346,25534,14240,13415,2121.3
348,24888,13892,13122,2126.2
350,24261,13556,12836,2131.1
352,23653,13229,12560,2136
354,23063,12912,12291,2140.8
356,22490,12605,12030,2145.5
358,21934,12307,11777,2150.2
360,21394,12018,11531,2154.8
362,20870,11737,11292,2159.4
364,20360,11465,11059,2163.9
366,19865,11200,10833,2168.4
368,19384,10943,10614,2172.8
370,18917,10694,10400,2177.2
372,18462,10452,10192,2181.6
374,18021,10216,9990.3,2185.8
376,17591,9987.3,9793.6,2190.1
378,17173,9764.9,9602.2,2194.3
380,16766,9548.7,9415.8,2198.4
382,16370,9338.6,9234.4,2202.6
384,15985,9134.2,9057.8,2206.6
386,15611,8935.4,8885.8,2210.7
388,15246,8742.1,8718.2,2214.6
390,14890,8554,8554.9,2218.6
392,14544,8371,8395.9,2222.5
394,14207,8192.9,8240.8,2226.3
396,13879,8019.5,8089.7,2230.2
398,13559,7850.7,7942.4,2234
400,13247,7686.4,7798.7,2237.7
402,12944,7526.4,7658.6,2241.4
404,12647,7370.6,7522,2245.1
406,12359,7218.8,7388.6,2248.7
408,12077,7071,7258.6,2252.3
410,11803,6926.9,7131.7,2255.9
412,11535,6786.5,7007.8,2259.4
414,11274,6649.7,6886.9,2262.9
416,11019,6516.3,6768.8,2266.4
418,10770,6386.3,6653.5,2269.8
420,10527,6259.5,6541,2273.2
422,10290,6135.9,6431,2276.6
424,10059,6015.4,6323.6,2279.9
426,9833.3,5897.8,6218.7,2283.2
428,9612.8,5783.1,6116.2,2286.5
430,9397.5,5671.2,6016,2289.7
432,9187.2,5562,5918.1,2293
434,8981.7,5455.5,5822.4,2296.1
436,8781,5351.5,5728.8,2299.3
438,8584.8,5250,5637.3,2302.4
440,8393.2,5150.9,5547.8,2305.5
442,8205.8,5054.1,5460.3,2308.6
444,8022.7,4959.6,5374.7,2311.6
446,7843.7,4867.4,5291,2314.6
448,7668.7,4777.2,5209.1,2317.6
450,7497.5,4689.2,5128.9,2320.6
452,7330.2,4603.2,5050.4,2323.5
454,7166.4,4519.2,4973.7,2326.4
456,7006.3,4437.1,4898.5,2329.3
458,6849.6,4356.9,4824.9,2332.2
460,6696.4,4278.5,4752.9,2335
462,6546.4,4201.8,4682.3,2337.8
464,6399.6,4126.9,4613.2,2340.6
466,6255.9,4053.7,4545.6,2343.3
468,6115.2,3982,4479.3,2346.1
470,5977.6,3912,4414.4,2348.8
472,5842.8,3843.5,4350.7,2351.5
474,5710.8,3776.5,4288.4,2354.2
476,5581.5,3711,4227.3,2356.8
478,5454.9,3646.9,4167.4,2359.4
480,5330.9,3584.2,4108.7,2362
482,5209.4,3522.8,4051.2,2364.6
484,5090.4,3462.8,3994.8,2367.2
486,4973.8,3404,3939.5,2369.7
488,4859.6,3346.5,3885.3,2372.2
490,4747.6,3290.2,3832.1,2374.7
492,4637.8,3235.1,3779.9,2377.2
494,4530.3,3181.1,3728.8,2379.6
496,4424.8,3128.3,3678.6,2382.1
498,4321.4,3076.5,3629.4,2384.5
500,4220,3025.9,3581,2386.9
502,4120.6,2976.3,3533.6,2389.3
504,4023.2,2927.7,3487.1,2391.6
506,3927.5,2880.1,3441.4,2394
508,3833.8,2833.4,3396.6,2396.3
510,3741.8,2787.7,3352.6,2398.6
512,3651.5,2743,3309.4,2400.9
514,3563,2699.1,3267,2403.1
516,3476.1,2656.1,3225.4,2405.4
518,3390.9,2614,3184.5,2407.6
520,3307.2,2572.7,3144.3,2409.8
522,3225.1,2532.2,3104.9,2412
524,3144.5,2492.5,3066.2,2414.2
526,3065.4,2453.6,3028.1,2416.4
528,2987.7,2415.5,2990.7,2418.5
530,2911.4,2378.1,2954,2420.7
532,2836.5,2341.4,2917.9,2422.8
534,2763,2305.4,2882.4,2424.9
536,2690.8,2270.2,2847.6,2427
538,2619.9,2235.6,2813.3,2429
540,2550.2,2201.6,2779.6,2431.1
542,2481.8,2168.3,2746.5,2433.1
544,2414.5,2135.7,2714,2435.1
546,2348.5,2103.6,2682,2437.2
548,2283.6,2072.2,2650.6,2439.2
550,2219.8,2041.3,2619.6,2441.1
552,2157.2,2011,2589.2,2443.1
554,2095.6,1981.3,2559.3,2445
556,2035.1,1952.2,2529.9,2447
558,1975.6,1923.5,2501,2448.9
560,1917.1,1895.4,2472.5,2450.8
562,1859.6,1867.8,2444.5,2452.7
564,1803.1,1840.7,2416.9,2454.6
566,1747.5,1814.1,2389.8,2456.5
568,1692.9,1788,2363.2,2458.3
570,1639.1,1762.4,2336.9,2460.2
572,1586.3,1737.2,2311.1,2462
574,1534.3,1712.4,2285.7,2463.8
576,1483.2,1688.1,2260.7,2465.6
578,1432.9,1664.3,2236,2467.4
580,1383.4,1640.8,2211.8,2469.2
582,1334.8,1617.8,2187.9,2471
584,1286.9,1595.2,2164.4,2472.7
586,1239.8,1573,2141.3,2474.5
588,1193.5,1551.1,2118.5,2476.2
590,1147.9,1529.7,2096.1,2477.9
592,1103,1508.6,2074,2479.6
594,1058.8,1487.8,2052.3,2481.3
596,1015.3,1467.5,2030.8,2483
598,972.51,1447.5,2009.7,2484.7
600,930.39,1427.8,1988.9,2486.3
602,888.91,1408.4,1968.5,2488
604,848.08,1389.4,1948.3,2489.6
606,807.88,1370.7,1928.4,2491.3
608,768.3,1352.3,1908.8,2492.9
610,729.32,1334.3,1889.5,2494.5
612,690.94,1316.5,1870.5,2496.1
614,653.14,1299,1851.8,2497.7
616,615.92,1281.8,1833.3,2499.3
618,579.25,1264.9,1815.1,2500.8
620,543.13,1248.3,1797.2,2502.4
622,507.56,1232,1779.5,2503.9
624,472.51,1215.9,1762.1,2505.5
626,437.98,1200.1,1744.9,2507
628,403.96,1184.5,1728,2508.5
630,370.45,1169.2,1711.3,2510
632,337.42,1154.2,1694.8,2511.5
634,304.88,1139.3,1678.5,2513
636,272.8,1124.8,1662.5,2514.5
638,241.2,1110.4,1646.7,2516
640,210.05,1096.3,1631.2,2517.4
642,179.34,1082.4,1615.8,2518.9
644,149.08,1068.7,1600.7,2520.3
646,119.24,1055.3,1585.7,2521.7
648,89.834,1042,1571,2523.2
650,60.841,1029,1556.4,2524.6
652,32.256,1016.2,1542.1,2526
654,4.0723,1003.5,1527.9,2527.4
656,-23.717,991.1,1514,2528.8
658,-51.12,978.85,1500.2,2530.2
660,-78.142,966.8,1486.6,2531.5
662,-104.79,954.93,1473.2,2532.9
664,-131.07,943.25,1459.9,2534.3
666,-156.99,931.74,1446.9,2535.6
668,-182.56,920.41,1434,2537
670,-207.78,909.25,1421.3,2538.3
672,-232.66,898.26,1408.7,2539.6
674,-257.2,887.44,1396.3,2540.9
676,-281.41,876.77,1384.1,2542.2
678,-305.29,866.27,1372,2543.5
680,-328.86,855.93,1360.1,2544.8
682,-352.11,845.74,1348.3,2546.1
684,-375.05,835.71,1336.6,2547.4
686,-397.69,825.82,1325.2,2548.7
688,-420.04,816.08,1313.8,2549.9
690,-442.08,806.48,1302.6,2551.2
692,-463.85,797.02,1291.6,2552.4
694,-485.32,787.7,1280.7,2553.7
696,-506.52,778.52,1269.9,2554.9
698,-527.45,769.47,1259.2,2556.2
700,-548.1,760.56,1248.7,2557.4
702,-568.49,751.77,1238.3,2558.6
704,-588.62,743.11,1228.1,2559.8
706,-608.49,734.57,1217.9,2561
708,-628.12,726.16,1207.9,2562.2
710,-647.49,717.87,1198,2563.4
712,-666.62,709.7,1188.2,2564.6
714,-685.5,701.64,1178.6,2565.7
716,-704.15,693.69,1169.1,2566.9
718,-722.57,685.86,1159.6,2568.1
720,-740.76,678.14,1150.3,2569.2
722,-758.73,670.53,1141.1,2570.4
724,-776.47,663.03,1132,2571.5
726,-793.99,655.63,1123,2572.6
728,-811.3,648.33,1114.1,2573.8
730,-828.4,641.14,1105.4,2574.9
732,-845.29,634.04,1096.7,2576
734,-861.98,627.04,1088.1,2577.1
736,-878.46,620.14,1079.6,2578.2
738,-894.75,613.34,1071.2,2579.3
740,-910.84,606.63,1062.9,2580.4
742,-926.74,600.01,1054.8,2581.5
744,-942.45,593.48,1046.7,2582.6
746,-957.97,587.04,1038.7,2583.7
748,-973.31,580.68,1030.7,2584.7
750,-988.46,574.41,1022.9,2585.8
752,-1003.4,568.23,1015.2,2586.8
754,-1018.2,562.13,1007.5,2587.9
756,-1032.9,556.11,999.96,2588.9
758,-1047.3,550.18,992.48,2590
760,-1061.6,544.32,985.08,2591
762,-1075.8,538.54,977.76,2592.1
764,-1089.7,532.83,970.52,2593.1
766,-1103.5,527.21,963.37,2594.1
768,-1117.2,521.65,956.29,2595.1
770,-1130.7,516.17,949.28,2596.1
772,-1144,510.76,942.36,2597.1
774,-1157.2,505.43,935.51,2598.1
776,-1170.2,500.16,928.73,2599.1
778,-1183.1,494.96,922.03,2600.1
780,-1195.9,489.83,915.39,2601.1
782,-1208.5,484.76,908.83,2602.1
784,-1220.9,479.76,902.34,2603
786,-1233.3,474.83,895.92,2604
788,-1245.5,469.96,889.56,2605
790,-1257.5,465.15,883.28,2605.9
792,-1269.4,460.4,877.05,2606.9
794,-1281.2,455.71,870.9,2607.8
796,-1292.9,451.08,864.8,2608.8
798,-1304.4,446.52,858.78,2609.7
800,-1315.8,442,852.81,2610.7
802,-1327.1,437.55,846.91,2611.6
804,-1338.3,433.15,841.06,2612.5
806,-1349.3,428.81,835.28,2613.4
808,-1360.3,424.52,829.55,2614.3
810,-1371.1,420.29,823.89,2615.3
812,-1381.8,416.11,818.28,2616.2
814,-1392.4,411.98,812.73,2617.1
816,-1402.8,407.9,807.23,2618
818,-1413.2,403.87,801.79,2618.9
820,-1423.5,399.89,796.41,2619.8
822,-1433.6,395.96,791.08,2620.6
824,-1443.6,392.08,785.8,2621.5
826,-1453.6,388.25,780.58,2622.4
828,-1463.4,384.46,775.4,2623.3
830,-1473.1,380.72,770.28,2624.1
832,-1482.8,377.03,765.21,2625
834,-1492.3,373.38,760.19,2625.9
836,-1501.7,369.77,755.21,2626.7
838,-1511.1,366.21,750.29,2627.6
840,-1520.3,362.69,745.42,2628.4
842,-1529.5,359.21,740.59,2629.3
844,-1538.5,355.77,735.81,2630.1
846,-1547.5,352.38,731.07,2630.9
848,-1556.4,349.03,726.38,2631.8
850,-1565.1,345.71,721.74,2632.6
852,-1573.8,342.44,717.14,2633.4
854,-1582.5,339.2,712.58,2634.2
856,-1591,336,708.07,2635.1
858,-1599.4,332.84,703.6,2635.9
860,-1607.8,329.72,699.17,2636.7
862,-1616.1,326.63,694.78,2637.5
864,-1624.3,323.58,690.44,2638.3
866,-1632.4,320.57,686.13,2639.1
868,-1640.4,317.59,681.87,2639.9
870,-1648.4,314.64,677.64,2640.7
872,-1656.3,311.73,673.46,2641.4
874,-1664.1,308.86,669.31,2642.2
876,-1671.8,306.01,665.21,2643
878,-1679.4,303.2,661.14,2643.8
880,-1687,300.42,657.1,2644.6
882,-1694.5,297.68,653.11,2645.3
884,-1702,294.96,649.15,2646.1
886,-1709.4,292.28,645.23,2646.9
888,-1716.7,289.62,641.34,2647.6
890,-1723.9,287,637.49,2648.4
892,-1731,284.4,633.67,2649.1
894,-1738.1,281.84,629.89,2649.9
896,-1745.2,279.3,626.14,2650.6
898,-1752.1,276.79,622.42,2651.4
900,-1759,274.31,618.74,2652.1
