190,9.2914e+05,3.5806e+05,5.8133e+05,10249
200,7.1703e+05,2.8477e+05,4.4308e+05,10818
210,5.63e+05,2.292e+05,3.4513e+05,11333
220,4.4846e+05,1.8647e+05,2.7379e+05,11802
230,3.6158e+05,1.5319e+05,2.2062e+05,12229
240,2.9455e+05,1.2698e+05,1.8019e+05,12621
250,2.4208e+05,1.0613e+05,1.4893e+05,12982
260,2.0046e+05,89382,1.2439e+05,13315
270,1.6705e+05,75807,1.0487e+05,13623
280,1.3996e+05,64716,89156,13909
290,1.1778e+05,55584,76376,14175
300,99468,48011,65882,14424
310,84220,41688,57189,14657
312,81483,40551,55633,14702
314,78839,39454,54131,14746
316,76286,38393,52682,14789
318,73818,37367,51283,14832
320,71433,36376,49932,14875
322,69128,35418,48627,14917
324,66899,34491,47366,14958
326,64742,33595,46147,14999
328,62656,32727,44969,15040
330,60637,31888,43829,15080
332,58683,31075,42727,15119
334,56791,30288,41661,15158
336,54958,29526,40629,15197
338,53184,28788,39630,15235
340,51464,28073,38663,15273
342,49797,27380,37727,15310
344,48182,26709,36820,15347
346,46616,26058,35941,15383
348,45097,25427,35089,15419
350,43624,24815,34263,15454
352,42195,24221,33463,15490
354,40808,23646,32686,15524
356,39462,23087,31933,15559
358,38155,22545,31203,15593
360,36886,22018,30494,15626
362,35654,21507,29806,15659
364,34457,21011,29138,15692
366,33294,20529,28490,15725
368,32165,20061,27860,15757
370,31066,19607,27248,15789
372,29999,19165,26654,15820
374,28961,18736,26076,15851
376,27951,18318,25515,15882
378,26970,17912,24970,15912
380,26015,17518,24439,15942
382,25085,17134,23923,15972
384,24181,16761,23422,16002
386,23301,16398,22934,16031
388,22444,16045,22459,16060
390,21610,15702,21997,16088
392,20798,15367,21547,16117
394,20006,15042,21109,16145
396,19235,14725,20683,16172
398,18485,14416,20268,16200
400,17753,14116,19864,16227
402,17040,13823,19470,16254
404,16344,13538,19087,16281
406,15667,13260,18713,16307
408,15006,12990,18349,16333
410,14361,12726,17994,16359
412,13733,12469,17648,16385
414,13120,12219,17311,16410
416,12521,11975,16982,16435
418,11938,11737,16661,16460
420,11368,11504,16348,16485
422,10812,11278,16043,16509
424,10269,11057,15745,16533
426,9739.3,10842,15455,16557
428,9221.9,10632,15171,16581
430,8716.5,10427,14895,16605
432,8222.9,10226,14624,16628
434,7740.8,10031,14361,16651
436,7269.7,9840.4,14103,16674
438,6809.4,9654.3,13852,16696
440,6359.6,9472.6,13606,16719
442,5919.9,9295.1,13366,16741
444,5490.2,9121.9,13132,16763
446,5070.1,8952.6,12902,16785
448,4659.3,8787.3,12679,16807
450,4257.6,8625.8,12460,16828
452,3864.8,8468,12246,16849
454,3480.5,8313.9,12037,16871
456,3104.7,8163.2,11833,16891
458,2737,8016,11633,16912
460,2377.2,7872.1,11438,16933
462,2025.1,7731.4,11247,16953
464,1680.5,7593.8,11060,16973
466,1343.2,7459.4,10877,16993
468,1013.1,7327.9,10698,17013
470,689.83,7199.3,10523,17033
472,373.34,7073.5,10352,17052
474,63.436,6950.5,10185,17072
476,-240.07,6830.1,10021,17091
478,-537.34,6712.4,9860.1,17110
480,-828.53,6597.2,9702.9,17129
482,-1113.8,6484.4,9549.1,17147
484,-1393.3,6374.1,9398.5,17166
486,-1667.2,6266.1,9251,17184
488,-1935.5,6160.5,9106.5,17203
490,-2198.6,6057,8965.1,17221
492,-2456.4,5955.7,8826.5,17239
494,-2709.1,5856.6,8690.7,17256
496,-2956.9,5759.5,8557.7,17274
498,-3199.8,5664.4,8427.4,17292
500,-3438,5571.3,8299.7,17309
502,-3671.6,5480.1,8174.5,17326
504,-3900.7,5390.7,8051.8,17343
506,-4125.4,5303.2,7931.6,17360
508,-4345.9,5217.5,7813.7,17377
510,-4562.1,5133.5,7698.2,17394
512,-4774.3,5051.2,7584.9,17410
514,-4982.5,4970.5,7473.8,17427
516,-5186.8,4891.5,7364.8,17443
518,-5387.3,4814,7258,17459
520,-5584.1,4738.1,7153.2,17475
522,-5777.3,4663.6,7050.4,17491
524,-5966.9,4590.6,6949.6,17507
526,-6153.1,4519.1,6850.7,17523
528,-6335.9,4448.9,6753.6,17538
530,-6515.4,4380.1,6658.4,17554
532,-6691.6,4312.7,6564.9,17569
534,-6864.7,4246.5,6473.2,17584
536,-7034.8,4181.6,6383.2,17600
538,-7201.8,4118,6294.8,17615
540,-7365.8,4055.5,6208.1,17629
542,-7527,3994.3,6122.9,17644
544,-7685.4,3934.2,6039.3,17659
546,-7841,3875.2,5957.3,17674
548,-7993.9,3817.4,5876.7,17688
550,-8144.2,3760.6,5797.5,17702
552,-8291.9,3704.9,5719.8,17717
554,-8437.1,3650.2,5643.4,17731
556,-8579.8,3596.5,5568.4,17745
558,-8720.2,3543.8,5494.8,17759
560,-8858.1,3492.1,5422.4,17773
562,-8993.7,3441.3,5351.3,17786
564,-9127.1,3391.4,5281.5,17800
566,-9258.2,3342.5,5212.8,17814
568,-9387.2,3294.4,5145.4,17827
570,-9514.1,3247.2,5079.1,17840
572,-9638.9,3200.8,5013.9,17854
574,-9761.6,3155.3,4949.9,17867
576,-9882.4,3110.6,4887,17880
578,-10001,3066.6,4825.1,17893
580,-10118,3023.5,4764.3,17906
582,-10233,2981.1,4704.5,17919
584,-10346,2939.4,4645.7,17931
586,-10458,2898.5,4587.9,17944
588,-10567,2858.3,4531,17957
590,-10675,2818.8,4475.1,17969
592,-10781,2780,4420.1,17981
594,-10886,2741.8,4366,17994
596,-10989,2704.3,4312.8,18006
598,-11090,2667.4,4260.5,18018
600,-11190,2631.2,4209,18030
602,-11288,2595.6,4158.4,18042
604,-11385,2560.6,4108.6,18054
606,-11480,2526.1,4059.5,18066
608,-11574,2492.3,4011.3,18078
610,-11666,2459,3963.8,18089
612,-11757,2426.3,3917.1,18101
614,-11847,2394.1,3871.1,18112
616,-11935,2362.5,3825.9,18124
618,-12023,2331.3,3781.3,18135
620,-12108,2300.7,3737.5,18146
622,-12193,2270.6,3694.3,18158
624,-12276,2241,3651.8,18169
626,-12358,2211.9,3610,18180
628,-12439,2183.2,3568.8,18191
630,-12519,2155,3528.3,18202
632,-12597,2127.3,3488.3,18213
634,-12675,2100,3449,18224
636,-12751,2073.1,3410.3,18234
638,-12826,2046.7,3372.2,18245
640,-12900,2020.7,3334.6,18256
642,-12973,1995.1,3297.6,18266
644,-13045,1969.9,3261.2,18277
646,-13117,1945.1,3225.3,18287
648,-13187,1920.7,3189.9,18297
650,-13256,1896.7,3155,18308
652,-13324,1873.1,3120.7,18318
654,-13391,1849.8,3086.9,18328
656,-13458,1826.9,3053.6,18338
658,-13523,1804.3,3020.7,18348
660,-13587,1782.1,2988.4,18358
662,-13651,1760.3,2956.5,18368
664,-13714,1738.7,2925,18378
666,-13776,1717.5,2894.1,18388
668,-13837,1696.7,2863.5,18397
670,-13897,1676.1,2833.4,18407
672,-13957,1655.9,2803.8,18417
674,-14016,1635.9,2774.5,18426
676,-14074,1616.3,2745.7,18436
678,-14131,1596.9,2717.3,18445
680,-14187,1577.9,2689.2,18454
682,-14243,1559.1,2661.6,18464
684,-14298,1540.6,2634.4,18473
686,-14352,1522.4,2607.5,18482
688,-14406,1504.4,2581,18491
690,-14459,1486.8,2554.9,18501
692,-14511,1469.3,2529.1,18510
694,-14563,1452.2,2503.7,18519
696,-14614,1435.2,2478.6,18528
698,-14664,1418.6,2453.9,18536
700,-14714,1402.1,2429.5,18545
702,-14763,1385.9,2405.5,18554
704,-14811,1370,2381.7,18563
706,-14859,1354.3,2358.3,18572
708,-14906,1338.7,2335.2,18580
710,-14953,1323.5,2312.4,18589
712,-14999,1308.4,2289.9,18597
714,-15045,1293.6,2267.7,18606
716,-15090,1278.9,2245.9,18614
718,-15134,1264.5,2224.2,18623
720,-15178,1250.3,2202.9,18631
722,-15221,1236.2,2181.9,18639
724,-15264,1222.4,2161.1,18648
726,-15307,1208.8,2140.6,18656
728,-15348,1195.3,2120.4,18664
730,-15390,1182.1,2100.4,18672
732,-15431,1169,2080.7,18680
734,-15471,1156.1,2061.3,18688
736,-15511,1143.4,2042.1,18696
738,-15551,1130.8,2023.1,18704
740,-15590,1118.4,2004.4,18712
742,-15628,1106.2,1985.9,18720
744,-15666,1094.2,1967.6,18728
746,-15704,1082.3,1949.6,18736
748,-15741,1070.6,1931.8,18744
750,-15778,1059.1,1914.3,18751
752,-15814,1047.7,1896.9,18759
754,-15850,1036.4,1879.8,18767
756,-15886,1025.3,1862.9,18774
758,-15921,1014.4,1846.2,18782
760,-15956,1003.6,1829.7,18789
762,-15990,992.95,1813.4,18797
764,-16025,982.44,1797.3,18804
766,-16058,972.06,1781.3,18812
768,-16092,961.83,1765.6,18819
770,-16124,951.73,1750.1,18826
772,-16157,941.76,1734.8,18834
774,-16189,931.92,1719.6,18841
776,-16221,922.21,1704.7,18848
778,-16253,912.62,1689.9,18855
780,-16284,903.16,1675.3,18862
782,-16315,893.83,1660.9,18869
784,-16345,884.61,1646.6,18876
786,-16375,875.51,1632.5,18883
788,-16405,866.53,1618.6,18890
790,-16435,857.67,1604.8,18897
792,-16464,848.92,1591.2,18904
794,-16493,840.28,1577.8,18911
796,-16522,831.75,1564.5,18918
798,-16550,823.32,1551.4,18925
800,-16578,815.01,1538.4,18932
802,-16606,806.8,1525.6,18938
804,-16633,798.69,1512.9,18945
806,-16661,790.69,1500.4,18952
808,-16688,782.78,1488,18958
810,-16714,774.97,1475.8,18965
812,-16741,767.27,1463.7,18972
814,-16767,759.65,1451.7,18978
816,-16793,752.13,1439.9,18985
818,-16818,744.71,1428.2,18991
820,-16844,737.37,1416.6,18998
822,-16869,730.13,1405.2,19004
824,-16894,722.98,1393.9,19010
826,-16918,715.91,1382.7,19017
828,-16943,708.93,1371.6,19023
830,-16967,702.03,1360.7,19029
832,-16991,695.22,1349.9,19036
834,-17014,688.49,1339.2,19042
836,-17038,681.84,1328.6,19048
838,-17061,675.28,1318.2,19054
840,-17084,668.79,1307.8,19060
842,-17107,662.38,1297.6,19067
844,-17129,656.04,1287.5,19073
846,-17151,649.78,1277.5,19079
848,-17174,643.6,1267.6,19085
850,-17195,637.49,1257.8,19091
852,-17217,631.45,1248.1,19097
854,-17239,625.49,1238.5,19103
856,-17260,619.59,1229.1,19109
858,-17281,613.77,1219.7,19114
860,-17302,608.01,1210.4,19120
862,-17323,602.32,1201.2,19126
864,-17343,596.69,1192.2,19132
866,-17363,591.14,1183.2,19138
868,-17384,585.64,1174.3,19144
870,-17404,580.21,1165.5,19149
872,-17423,574.85,1156.8,19155
874,-17443,569.54,1148.2,19161
876,-17462,564.3,1139.7,19166
878,-17482,559.12,1131.2,19172
880,-17501,553.99,1122.9,19178
882,-17520,548.93,1114.6,19183
884,-17538,543.92,1106.4,19189
886,-17557,538.97,1098.4,19194
888,-17575,534.08,1090.3,19200
890,-17593,529.24,1082.4,19205
892,-17612,524.46,1074.6,19211
894,-17629,519.73,1066.8,19216
896,-17647,515.05,1059.1,19221
898,-17665,510.43,1051.5,19227
900,-17682,505.85,1044,19232
