190,9.3569e+05,3.4521e+05,5.9699e+05,6510.5
200,7.2234e+05,2.7426e+05,4.5495e+05,6872.2
210,5.6767e+05,2.2054e+05,3.5433e+05,7199.5
220,4.5284e+05,1.7929e+05,2.8105e+05,7497
230,3.6586e+05,1.472e+05,2.2643e+05,7768.6
240,2.9885e+05,1.2195e+05,1.8492e+05,8017.6
250,2.4645e+05,1.0188e+05,1.5282e+05,8246.6
260,2.0493e+05,85768,1.2762e+05,8458.1
270,1.7164e+05,72720,1.0758e+05,8653.9
280,1.4468e+05,62063,91448,8835.7
290,1.2262e+05,53294,78330,9005
300,1.0442e+05,46024,67558,9162.9
310,89282,39956,58636,9310.7
312,86566,38866,57039,9339.2
314,83943,37812,55498,9367.2
316,81411,36795,54011,9394.9
318,78964,35811,52575,9422.3
320,76600,34860,51189,9449.3
322,74315,33941,49849,9476
324,72105,33052,48555,9502.3
326,69969,32192,47305,9528.3
328,67902,31360,46096,9554
330,65902,30555,44926,9579.4
332,63967,29776,43796,9604.5
334,62093,29021,42702,9629.3
336,60280,28291,41643,9653.8
338,58523,27583,40618,9678
340,56821,26897,39626,9701.9
342,55172,26233,38665,9725.6
344,53574,25589,37734,9748.9
346,52026,24965,36832,9772
348,50524,24360,35958,9794.9
350,49067,23774,35111,9817.4
352,47655,23205,34290,9839.8
354,46284,22653,33494,9861.8
356,44954,22117,32721,9883.6
358,43664,21597,31972,9905.2
360,42411,21093,31244,9926.5
362,41194,20603,30539,9947.6
364,40012,20127,29854,9968.5
366,38865,19666,29188,9989.1
368,37750,19217,28542,10010
370,36666,18781,27915,10030
372,35613,18358,27305,10050
374,34590,17946,26713,10069
376,33594,17546,26137,10089
378,32627,17158,25578,10108
380,31685,16779,25033,10127
382,30770,16412,24504,10146
384,29879,16054,23990,10165
386,29012,15707,23489,10184
388,28168,15368,23002,10202
390,27347,15039,22528,10220
392,26548,14718,22067,10238
394,25769,14407,21618,10256
396,25011,14103,21181,10274
398,24272,13807,20756,10291
400,23552,13519,20341,10308
402,22851,13239,19938,10325
404,22168,12966,19544,10342
406,21502,12700,19161,10359
408,20853,12441,18788,10376
410,20220,12188,18424,10392
412,19603,11942,18069,10408
414,19001,11702,17723,10425
416,18413,11468,17386,10440
418,17841,11240,17057,10456
420,17282,11018,16736,10472
422,16736,10801,16423,10487
424,16204,10589,16118,10503
426,15685,10383,15820,10518
428,15178,10181,15529,10533
430,14683,9985,15246,10548
432,14199,9793.3,14969,10563
434,13727,9606.2,14698,10577
436,13266,9423.6,14434,10592
438,12815,9245.3,14176,10606
440,12375,9071.2,13924,10621
442,11945,8901.3,13678,10635
444,11525,8735.3,13438,10649
446,11114,8573.2,13203,10663
448,10712,8414.8,12974,10676
450,10320,8260.1,12750,10690
452,9936,8109,12531,10704
454,9560.7,7961.3,12316,10717
456,9193.7,7817,12107,10730
458,8834.8,7676,11902,10743
460,8483.7,7538.2,11702,10756
462,8140.2,7403.4,11506,10769
464,7804.1,7271.7,11315,10782
466,7475.2,7142.9,11127,10795
468,7153.4,7016.9,10944,10808
470,6838.5,6893.8,10765,10820
472,6530.1,6773.3,10589,10832
474,6228.3,6655.5,10418,10845
476,5932.8,6540.2,10250,10857
478,5643.5,6427.5,10085,10869
480,5360.2,6317.1,9924,10881
482,5082.7,6209.2,9766.4,10893
484,4810.9,6103.5,9612,10905
486,4544.6,6000.1,9460.9,10916
488,4283.8,5898.9,9312.9,10928
490,4028.3,5799.8,9167.9,10939
492,3777.9,5702.8,9025.9,10951
494,3532.5,5607.9,8886.8,10962
496,3292,5514.9,8750.5,10973
498,3056.3,5423.8,8617,10984
500,2825.2,5334.6,8486.1,10996
502,2598.7,5247.3,8357.9,11006
504,2376.6,5161.7,8232.2,11017
506,2158.8,5077.9,8109,11028
508,1945.3,4995.8,7988.3,11039
510,1735.8,4915.4,7869.9,11049
512,1530.4,4836.6,7753.8,11060
514,1328.9,4759.3,7640,11070
516,1131.2,4683.6,7528.4,11081
518,937.32,4609.4,7418.9,11091
520,747.05,4536.7,7311.6,11101
522,560.34,4465.4,7206.3,11111
524,377.12,4395.5,7103,11121
526,197.3,4327,7001.7,11131
528,20.8,4259.8,6902.3,11141
530,-152.45,4194,6804.7,11151
532,-322.52,4129.4,6709,11161
534,-489.5,4066,6615.1,11171
536,-653.44,4003.9,6522.9,11180
538,-814.42,3942.9,6432.4,11190
540,-972.51,3883.1,6343.5,11199
542,-1127.8,3824.5,6256.3,11209
544,-1280.2,3766.9,6170.7,11218
546,-1430,3710.4,6086.6,11227
548,-1577.2,3655,6004.1,11236
550,-1721.7,3600.7,5923.1,11245
552,-1863.7,3547.3,5843.4,11254
554,-2003.3,3494.9,5765.3,11263
556,-2140.4,3443.5,5688.5,11272
558,-2275.1,3393.1,5613,11281
560,-2407.6,3343.5,5538.9,11290
562,-2537.7,3294.9,5466.1,11299
564,-2665.7,3247.2,5394.6,11307
566,-2791.4,3200.3,5324.3,11316
568,-2915.1,3154.3,5255.3,11325
570,-3036.7,3109.1,5187.4,11333
572,-3156.2,3064.7,5120.7,11342
574,-3273.7,3021.1,5055.1,11350
576,-3389.3,2978.2,4990.7,11358
578,-3503,2936.2,4927.4,11366
580,-3614.8,2894.8,4865.1,11375
582,-3724.7,2854.3,4803.9,11383
584,-3832.9,2814.4,4743.7,11391
586,-3939.3,2775.2,4684.5,11399
588,-4044,2736.7,4626.3,11407
590,-4147,2698.8,4569.1,11415
592,-4248.3,2661.7,4512.8,11423
594,-4348,2625.1,4457.4,11431
596,-4446.1,2589.2,4403,11438
598,-4542.7,2553.9,4349.4,11446
600,-4637.8,2519.2,4296.7,11454
602,-4731.3,2485.1,4244.9,11461
604,-4823.4,2451.6,4193.9,11469
606,-4914,2418.6,4143.7,11476
608,-5003.3,2386.2,4094.3,11484
610,-5091.1,2354.3,4045.7,11491
612,-5177.7,2323,3997.9,11499
614,-5262.8,2292.2,3950.9,11506
616,-5346.7,2261.9,3904.6,11513
618,-5429.3,2232.1,3859,11520
620,-5510.7,2202.8,3814.1,11528
622,-5590.8,2174,3770,11535
624,-5669.7,2145.6,3726.5,11542
626,-5747.4,2117.7,3683.7,11549
628,-5824,2090.3,3641.5,11556
630,-5899.5,2063.3,3600,11563
632,-5973.8,2036.7,3559.2,11570
634,-6047,2010.6,3518.9,11577
636,-6119.2,1984.9,3479.3,11583
638,-6190.2,1959.6,3440.3,11590
640,-6260.3,1934.7,3401.9,11597
642,-6329.4,1910.2,3364,11604
644,-6397.4,1886.1,3326.7,11610
646,-6464.5,1862.3,3290,11617
648,-6530.6,1839,3253.8,11623
650,-6595.7,1816,3218.2,11630
652,-6660,1793.3,3183.1,11636
654,-6723.3,1771.1,3148.5,11643
656,-6785.7,1749.1,3114.4,11649
658,-6847.3,1727.5,3080.8,11656
660,-6908,1706.3,3047.7,11662
662,-6967.8,1685.3,3015,11668
664,-7026.9,1664.7,2982.9,11674
666,-7085.1,1644.4,2951.2,11681
668,-7142.5,1624.4,2920,11687
670,-7199.1,1604.7,2889.2,11693
672,-7254.9,1585.4,2858.9,11699
674,-7310,1566.3,2828.9,11705
676,-7364.3,1547.5,2799.5,11711
678,-7417.9,1528.9,2770.4,11717
680,-7470.8,1510.7,2741.7,11723
682,-7522.9,1492.7,2713.5,11729
684,-7574.4,1475,2685.6,11735
686,-7625.2,1457.6,2658.1,11741
688,-7675.3,1440.4,2631,11747
690,-7724.7,1423.4,2604.3,11752
692,-7773.5,1406.8,2578,11758
694,-7821.7,1390.3,2552,11764
696,-7869.2,1374.1,2526.4,11770
698,-7916.1,1358.1,2501.1,11775
700,-7962.4,1342.4,2476.1,11781
702,-8008.1,1326.9,2451.5,11787
704,-8053.2,1311.6,2427.3,11792
706,-8097.7,1296.6,2403.3,11798
708,-8141.7,1281.7,2379.7,11803
710,-8185.1,1267.1,2356.4,11809
712,-8227.9,1252.7,2333.4,11814
714,-8270.2,1238.5,2310.8,11819
716,-8312,1224.4,2288.4,11825
718,-8353.2,1210.6,2266.3,11830
720,-8394,1197,2244.5,11835
722,-8434.2,1183.6,2223,11841
724,-8473.9,1170.3,2201.8,11846
726,-8513.2,1157.3,2180.8,11851
728,-8551.9,1144.4,2160.1,11856
730,-8590.2,1131.7,2139.7,11862
732,-8628,1119.2,2119.6,11867
734,-8665.4,1106.8,2099.7,11872
736,-8702.3,1094.7,2080.1,11877
738,-8738.7,1082.7,2060.7,11882
740,-8774.7,1070.8,2041.5,11887
742,-8810.3,1059.1,2022.7,11892
744,-8845.4,1047.6,2004,11897
746,-8880.2,1036.2,1985.6,11902
748,-8914.5,1025,1967.4,11907
750,-8948.4,1014,1949.5,11912
752,-8981.9,1003.1,1931.7,11917
754,-9015,992.29,1914.2,11922
756,-9047.8,981.67,1896.9,11926
758,-9080.1,971.19,1879.9,11931
760,-9112.1,960.85,1863,11936
762,-9143.7,950.65,1846.3,11941
764,-9174.9,940.59,1829.9,11945
766,-9205.8,930.65,1813.6,11950
768,-9236.3,920.85,1797.6,11955
770,-9266.5,911.18,1781.7,11959
772,-9296.3,901.64,1766.1,11964
774,-9325.8,892.22,1750.6,11969
776,-9355,882.92,1735.3,11973
778,-9383.8,873.74,1720.2,11978
780,-9412.3,864.69,1705.3,11982
782,-9440.5,855.75,1690.6,11987
784,-9468.4,846.92,1676,11991
786,-9496,838.21,1661.6,11996
788,-9523.2,829.62,1647.4,12000
790,-9550.2,821.13,1633.3,12005
792,-9576.8,812.75,1619.4,12009
794,-9603.2,804.48,1605.7,12013
796,-9629.3,796.31,1592.1,12018
798,-9655.1,788.25,1578.7,12022
800,-9680.6,780.28,1565.5,12026
802,-9705.8,772.42,1552.4,12031
804,-9730.8,764.66,1539.4,12035
806,-9755.5,757,1526.7,12039
808,-9779.9,749.43,1514,12043
810,-9804.1,741.96,1501.5,12048
812,-9828,734.58,1489.1,12052
814,-9851.7,727.29,1476.9,12056
816,-9875.1,720.09,1464.8,12060
818,-9898.3,712.98,1452.9,12064
820,-9921.2,705.96,1441.1,12068
822,-9943.9,699.02,1429.4,12072
824,-9966.4,692.17,1417.9,12076
826,-9988.6,685.41,1406.5,12080
828,-10011,678.72,1395.2,12084
830,-10032,672.12,1384,12088
832,-10054,665.6,1373,12092
834,-10075,659.16,1362.1,12096
836,-10096,652.79,1351.3,12100
838,-10117,646.5,1340.6,12104
840,-10138,640.29,1330,12108
842,-10158,634.15,1319.6,12112
844,-10179,628.09,1309.3,12116
846,-10199,622.1,1299.1,12120
848,-10218,616.18,1289,12124
850,-10238,610.33,1279,12127
852,-10258,604.55,1269.1,12131
854,-10277,598.83,1259.3,12135
856,-10296,593.19,1249.6,12139
858,-10315,587.61,1240.1,12143
860,-10334,582.1,1230.6,12146
862,-10352,576.65,1221.2,12150
864,-10370,571.27,1212,12154
866,-10389,565.95,1202.8,12157
868,-10407,560.69,1193.7,12161
870,-10424,555.49,1184.7,12165
872,-10442,550.35,1175.9,12168
874,-10459,545.27,1167.1,12172
876,-10477,540.25,1158.4,12175
878,-10494,535.29,1149.8,12179
880,-10511,530.39,1141.3,12183
882,-10528,525.54,1132.8,12186
884,-10544,520.74,1124.5,12190
886,-10561,516,1116.2,12193
888,-10577,511.32,1108.1,12197
890,-10593,506.69,1100,12200
892,-10609,502.11,1092,12204
894,-10625,497.58,1084.1,12207
896,-10641,493.1,1076.2,12210
898,-10657,488.68,1068.5,12214
900,-10672,484.3,1060.8,12217
