190,9.1833e+05,1.7279e+05,7.4754e+05,1996.5
200,7.0045e+05,1.3504e+05,5.6753e+05,2107.4
210,5.4522e+05,1.0712e+05,4.4031e+05,2207.7
220,4.3171e+05,86112,3.479e+05,2299
230,3.4685e+05,70053,2.7918e+05,2382.2
240,2.8222e+05,57602,2.2708e+05,2458.6
250,2.3217e+05,47824,1.8688e+05,2528.8
260,1.9286e+05,40056,1.554e+05,2593.7
270,1.6159e+05,33818,1.3042e+05,2653.7
280,1.3642e+05,28761,1.1037e+05,2709.5
290,1.1597e+05,24624,94102,2761.4
300,99182,21213,80779,2809.8
310,85296,18378,69773,2855.2
312,82811,17870,67806,2863.9
314,80415,17379,65909,2872.5
316,78103,16905,64079,2881
318,75872,16448,62313,2889.4
320,73717,16006,60609,2897.6
322,71637,15579,58964,2905.8
324,69627,15166,57375,2913.9
326,67686,14767,55841,2921.9
328,65809,14381,54358,2929.8
330,63995,14008,52925,2937.6
332,62241,13647,51540,2945.2
334,60545,13298,50200,2952.8
336,58904,12960,48905,2960.4
338,57316,12632,47651,2967.8
340,55779,12315,46439,2975.1
342,54291,12008,45265,2982.4
344,52850,11711,44128,2989.5
346,51454,11423,43028,2996.6
348,50102,11144,41962,3003.6
350,48792,10873,40930,3010.5
352,47523,10611,39930,3017.4
354,46292,10356,38960,3024.1
356,45099,10109,38020,3030.8
358,43941,9870,37109,3037.4
360,42819,9637.7,36225,3044
362,41730,9412.3,35368,3050.5
364,40673,9193.5,34536,3056.8
366,39647,8981.1,33729,3063.2
368,38651,8774.8,32946,3069.4
370,37685,8574.5,32186,3075.6
372,36746,8379.9,31447,3081.8
374,35834,8190.9,30731,3087.8
376,34948,8007.2,30034,3093.8
378,34087,7828.7,29358,3099.7
380,33250,7655.1,28701,3105.6
382,32437,7486.4,28062,3111.4
384,31646,7322.4,27441,3117.2
386,30878,7162.9,26838,3122.8
388,30130,7007.7,26251,3128.5
390,29403,6856.8,25680,3134
392,28695,6709.9,25125,3139.6
394,28007,6567,24585,3145
396,27337,6427.9,24060,3150.4
398,26685,6292.5,23549,3155.8
400,26051,6160.6,23051,3161.1
402,25433,6032.3,22567,3166.3
404,24831,5907.2,22095,3171.5
406,24245,5785.5,21636,3176.6
408,23674,5666.9,21189,3181.7
410,23118,5551.3,20753,3186.8
412,22576,5438.7,20329,3191.8
414,22048,5329,19916,3196.7
416,21533,5222,19513,3201.6
418,21032,5117.7,19121,3206.4
420,20543,5016,18738,3211.2
422,20066,4916.9,18365,3216
424,19601,4820.2,18001,3220.7
426,19147,4725.9,17647,3225.4
428,18705,4634,17301,3230
430,18273,4544.2,16964,3234.6
432,17852,4456.7,16635,3239.1
434,17441,4371.2,16313,3243.6
436,17040,4287.9,16000,3248.1
438,16649,4206.5,15695,3252.5
440,16266,4127,15396,3256.8
442,15893,4049.4,15105,3261.2
444,15529,3973.7,14821,3265.5
446,15173,3899.7,14543,3269.7
448,14826,3827.5,14272,3274
450,14486,3756.9,14007,3278.1
452,14155,3688,13749,3282.3
454,13831,3620.6,13496,3286.4
456,13514,3554.8,13250,3290.5
458,13205,3490.5,13009,3294.5
460,12902,3427.6,12773,3298.5
462,12607,3366.2,12543,3302.5
464,12318,3306.1,12318,3306.4
466,12035,3247.4,12098,3310.3
468,11759,3190,11883,3314.2
470,11489,3133.9,11673,3318
472,11224,3079,11467,3321.8
474,10966,3025.3,11266,3325.6
476,10713,2972.8,11070,3329.3
478,10466,2921.4,10877,3333
480,10224,2871.1,10689,3336.7
482,9987,2822,10505,3340.3
484,9755.2,2773.8,10325,3343.9
486,9528.4,2726.7,10149,3347.5
488,9306.4,2680.6,9976.8,3351.1
490,9089,2635.5,9808.1,3354.6
492,8876.2,2591.4,9643,3358.1
494,8667.9,2548.1,9481.3,3361.6
496,8463.9,2505.8,9323.1,3365
498,8264.1,2464.3,9168.2,3368.4
500,8068.4,2423.7,9016.5,3371.8
502,7876.8,2384,8867.9,3375.2
504,7689,2345,8722.5,3378.5
506,7505.1,2306.9,8580,3381.8
508,7324.9,2269.5,8440.4,3385.1
510,7148.3,2232.9,8303.7,3388.3
512,6975.2,2197,8169.8,3391.6
514,6805.7,2161.9,8038.5,3394.8
516,6639.4,2127.4,7909.9,3397.9
518,6476.5,2093.7,7783.9,3401.1
520,6316.8,2060.6,7660.4,3404.2
522,6160.3,2028.2,7539.4,3407.3
524,6006.7,1996.4,7420.8,3410.4
526,5856.2,1965.2,7304.5,3413.5
528,5708.6,1934.6,7190.5,3416.5
530,5563.9,1904.7,7078.7,3419.5
532,5421.9,1875.3,6969.1,3422.5
534,5282.6,1846.5,6861.6,3425.5
536,5146,1818.2,6756.2,3428.4
538,5012,1790.5,6652.8,3431.3
540,4880.5,1763.3,6551.5,3434.2
542,4751.5,1736.6,6452,3437.1
544,4624.9,1710.5,6354.5,3440
546,4500.7,1684.8,6258.7,3442.8
548,4378.8,1659.6,6164.8,3445.6
550,4259.2,1634.9,6072.7,3448.4
552,4141.7,1610.6,5982.3,3451.2
554,4026.4,1586.8,5893.6,3454
556,3913.2,1563.4,5806.5,3456.7
558,3802.1,1540.5,5721,3459.4
560,3693,1518,5637.1,3462.1
562,3585.9,1495.9,5554.8,3464.8
564,3480.7,1474.2,5474,3467.5
566,3377.4,1452.9,5394.6,3470.1
568,3275.9,1432,5316.7,3472.7
570,3176.3,1411.4,5240.2,3475.3
572,3078.4,1391.2,5165,3477.9
574,2982.2,1371.4,5091.3,3480.5
576,2887.7,1352,5018.8,3483
578,2794.9,1332.8,4947.6,3485.6
580,2703.7,1314.1,4877.7,3488.1
582,2614.1,1295.6,4809,3490.6
584,2526,1277.5,4741.6,3493
586,2439.5,1259.7,4675.3,3495.5
588,2354.4,1242.2,4610.2,3498
590,2270.9,1225,4546.2,3500.4
592,2188.7,1208.1,4483.4,3502.8
594,2107.9,1191.5,4421.6,3505.2
596,2028.5,1175.2,4360.9,3507.6
598,1950.4,1159.2,4301.2,3509.9
600,1873.7,1143.4,4242.6,3512.3
602,1798.2,1127.9,4184.9,3514.6
604,1724,1112.7,4128.3,3516.9
606,1651,1097.7,4072.6,3519.2
608,1579.2,1083,4017.8,3521.5
610,1508.7,1068.5,3964,3523.8
612,1439.2,1054.3,3911,3526.1
614,1371,1040.3,3859,3528.3
616,1303.8,1026.5,3807.8,3530.5
618,1237.7,1013,3757.5,3532.7
620,1172.7,999.67,3708,3534.9
622,1108.7,986.58,3659.3,3537.1
624,1045.8,973.7,3611.4,3539.3
626,983.87,961.03,3564.3,3541.5
628,922.94,948.57,3518,3543.6
630,862.97,936.31,3472.4,3545.7
632,803.96,924.25,3427.6,3547.9
634,745.88,912.38,3383.5,3550
636,688.71,900.7,3340.1,3552.1
638,632.44,889.21,3297.4,3554.1
640,577.05,877.91,3255.3,3556.2
642,522.52,866.78,3214,3558.2
644,468.84,855.83,3173.3,3560.3
646,415.99,845.05,3133.2,3562.3
648,363.96,834.45,3093.8,3564.3
650,312.72,824.01,3055,3566.3
652,262.27,813.73,3016.9,3568.3
654,212.59,803.61,2979.3,3570.3
656,163.66,793.65,2942.3,3572.3
658,115.48,783.85,2905.8,3574.2
660,68.024,774.19,2870,3576.1
662,21.283,764.69,2834.7,3578.1
664,-24.758,755.33,2799.9,3580
666,-70.11,746.11,2765.7,3581.9
668,-114.79,737.04,2732,3583.8
670,-158.8,728.1,2698.8,3585.7
672,-202.16,719.3,2666.1,3587.6
674,-244.88,710.63,2633.9,3589.4
676,-286.97,702.09,2602.2,3591.3
678,-328.45,693.69,2571,3593.1
680,-369.32,685.4,2540.2,3594.9
682,-409.6,677.24,2509.9,3596.7
684,-449.29,669.2,2480.1,3598.6
686,-488.41,661.29,2450.7,3600.4
688,-526.96,653.48,2421.7,3602.1
690,-564.96,645.8,2393.2,3603.9
692,-602.42,638.22,2365,3605.7
694,-639.34,630.76,2337.3,3607.4
696,-675.73,623.41,2310,3609.2
698,-711.61,616.16,2283.1,3610.9
700,-746.98,609.02,2256.6,3612.6
702,-781.86,601.99,2230.5,3614.4
704,-816.24,595.05,2204.8,3616.1
706,-850.14,588.21,2179.4,3617.8
708,-883.57,581.48,2154.4,3619.4
710,-916.54,574.84,2129.7,3621.1
712,-949.05,568.29,2105.5,3622.8
714,-981.11,561.84,2081.5,3624.4
716,-1012.7,555.48,2057.9,3626.1
718,-1043.9,549.2,2034.6,3627.7
720,-1074.7,543.02,2011.7,3629.4
722,-1105,536.93,1989.1,3631
724,-1134.9,530.92,1966.8,3632.6
726,-1164.4,524.99,1944.8,3634.2
728,-1193.6,519.15,1923.1,3635.8
730,-1222.3,513.39,1901.7,3637.4
732,-1250.6,507.7,1880.6,3639
734,-1278.6,502.1,1859.8,3640.5
736,-1306.2,496.58,1839.3,3642.1
738,-1333.4,491.13,1819.1,3643.6
740,-1360.2,485.75,1799.2,3645.2
742,-1386.8,480.45,1779.5,3646.7
744,-1412.9,475.22,1760.1,3648.2
746,-1438.7,470.06,1741,3649.8
748,-1464.2,464.97,1722.1,3651.3
750,-1489.3,459.95,1703.5,3652.8
752,-1514.1,455,1685.1,3654.3
754,-1538.6,450.12,1667,3655.8
756,-1562.8,445.3,1649.1,3657.2
758,-1586.7,440.55,1631.5,3658.7
760,-1610.2,435.85,1614.1,3660.2
762,-1633.5,431.23,1596.9,3661.6
764,-1656.4,426.66,1580,3663.1
766,-1679.1,422.15,1563.3,3664.5
768,-1701.4,417.7,1546.8,3666
770,-1723.5,413.32,1530.5,3667.4
772,-1745.3,408.98,1514.5,3668.8
774,-1766.9,404.71,1498.6,3670.2
776,-1788.1,400.49,1483,3671.6
778,-1809.1,396.33,1467.5,3673
780,-1829.9,392.22,1452.3,3674.4
782,-1850.4,388.16,1437.3,3675.8
784,-1870.6,384.16,1422.4,3677.2
786,-1890.6,380.21,1407.8,3678.5
788,-1910.3,376.31,1393.3,3679.9
790,-1929.8,372.45,1379,3681.2
792,-1949,368.65,1364.9,3682.6
794,-1968,364.9,1351,3683.9
796,-1986.8,361.19,1337.3,3685.3
798,-2005.3,357.54,1323.7,3686.6
800,-2023.7,353.92,1310.3,3687.9
802,-2041.8,350.36,1297.1,3689.2
804,-2059.6,346.84,1284,3690.5
806,-2077.3,343.36,1271.2,3691.8
808,-2094.8,339.92,1258.4,3693.1
810,-2112,336.53,1245.9,3694.4
812,-2129.1,333.18,1233.4,3695.7
814,-2145.9,329.88,1221.2,3697
816,-2162.5,326.61,1209.1,3698.2
818,-2179,323.39,1197.1,3699.5
820,-2195.2,320.2,1185.3,3700.8
822,-2211.3,317.05,1173.7,3702
824,-2227.2,313.95,1162.1,3703.2
826,-2242.8,310.88,1150.8,3704.5
828,-2258.3,307.84,1139.5,3705.7
830,-2273.7,304.85,1128.4,3706.9
832,-2288.8,301.89,1117.5,3708.2
834,-2303.8,298.97,1106.6,3709.4
836,-2318.6,296.08,1095.9,3710.6
838,-2333.2,293.23,1085.4,3711.8
840,-2347.7,290.41,1074.9,3713
842,-2362,287.63,1064.6,3714.2
844,-2376.1,284.87,1054.4,3715.4
846,-2390.1,282.16,1044.3,3716.5
848,-2403.9,279.47,1034.4,3717.7
850,-2417.5,276.82,1024.5,3718.9
852,-2431,274.19,1014.8,3720.1
854,-2444.4,271.6,1005.2,3721.2
856,-2457.6,269.04,995.74,3722.4
858,-2470.6,266.51,986.36,3723.5
860,-2483.6,264.01,977.1,3724.7
862,-2496.3,261.54,967.94,3725.8
864,-2508.9,259.1,958.89,3726.9
866,-2521.4,256.68,949.95,3728.1
868,-2533.8,254.3,941.11,3729.2
870,-2546,251.94,932.37,3730.3
872,-2558.1,249.61,923.74,3731.4
874,-2570,247.3,915.21,3732.5
876,-2581.8,245.03,906.77,3733.6
878,-2593.5,242.78,898.43,3734.7
880,-2605.1,240.55,890.19,3735.8
882,-2616.5,238.35,882.04,3736.9
884,-2627.8,236.18,873.98,3738
886,-2639,234.03,866.02,3739
888,-2650.1,231.9,858.15,3740.1
890,-2661,229.8,850.36,3741.2
892,-2671.8,227.72,842.67,3742.2
894,-2682.6,225.67,835.06,3743.3
896,-2693.2,223.64,827.54,3744.4
898,-2703.7,221.63,820.1,3745.4
900,-2714,219.65,812.75,3746.4
