190,9.0632e+05,3.4524e+05,5.6282e+05,1735.2
200,7.0151e+05,2.7429e+05,4.2906e+05,1831.6
210,5.5291e+05,2.2056e+05,3.3426e+05,1918.9
220,4.4252e+05,1.793e+05,2.6521e+05,1998.2
230,3.5888e+05,1.4721e+05,2.1374e+05,2070.6
240,2.9443e+05,1.2196e+05,1.7461e+05,2136.9
250,2.4403e+05,1.0189e+05,1.4434e+05,2198
260,2.0409e+05,85777,1.2057e+05,2254.3
270,1.7209e+05,72727,1.0166e+05,2306.5
280,1.4616e+05,62070,86447,2355
290,1.2497e+05,53299,74067,2400.1
300,1.0749e+05,46028,63900,2442.2
310,92957,39960,55478,2481.6
312,90351,38870,53970,2489.2
314,87835,37816,52515,2496.6
316,85406,36799,51111,2504
318,83059,35815,49755,2511.3
320,80792,34864,48446,2518.5
322,78601,33945,47182,2525.6
324,76482,33056,45960,2532.6
326,74434,32196,44778,2539.6
328,72454,31364,43637,2546.4
330,70537,30558,42532,2553.2
332,68683,29779,41464,2559.9
334,66889,29024,40431,2566.5
336,65151,28294,39431,2573
338,63469,27586,38463,2579.5
340,61840,26900,37526,2585.9
342,60262,26236,36618,2592.2
344,58732,25592,35739,2598.4
346,57250,24968,34887,2604.5
348,55813,24363,34061,2610.6
350,54420,23776,33261,2616.6
352,53069,23207,32485,2622.6
354,51759,22655,31732,2628.5
356,50487,22119,31002,2634.3
358,49254,21599,30294,2640
360,48056,21095,29607,2645.7
362,46894,20605,28940,2651.3
364,45765,20130,28292,2656.9
366,44669,19668,27664,2662.4
368,43604,19219,27053,2667.8
370,42570,18783,26460,2673.2
372,41565,18360,25884,2678.5
374,40588,17948,25324,2683.8
376,39639,17548,24780,2689
378,38716,17159,24251,2694.2
380,37819,16781,23737,2699.3
382,36946,16414,23236,2704.3
384,36097,16056,22750,2709.3
386,35271,15708,22277,2714.3
388,34467,15370,21816,2719.1
390,33685,15040,21368,2724
392,32923,14720,20932,2728.8
394,32182,14408,20508,2733.5
396,31461,14104,20094,2738.2
398,30758,13809,19692,2742.9
400,30073,13521,19300,2747.5
402,29407,13240,18918,2752
404,28757,12967,18546,2756.5
406,28124,12701,18184,2761
408,27507,12442,17831,2765.4
410,26906,12189,17486,2769.8
412,26320,11943,17151,2774.1
414,25748,11703,16824,2778.4
416,25191,11469,16505,2782.7
418,24648,11241,16193,2786.9
420,24118,11019,15890,2791.1
422,23600,10802,15594,2795.2
424,23096,10590,15305,2799.3
426,22604,10384,15023,2803.4
428,22123,10183,14748,2807.4
430,21654,9986.1,14480,2811.4
432,21196,9794.4,14217,2815.3
434,20750,9607.2,13962,2819.2
436,20313,9424.6,13712,2823.1
438,19887,9246.3,13468,2826.9
440,19471,9072.2,13229,2830.7
442,19064,8902.2,12996,2834.5
444,18667,8736.2,12769,2838.2
446,18279,8574.1,12547,2841.9
448,17900,8415.7,12330,2845.6
450,17529,8261,12117,2849.2
452,17167,8109.9,11910,2852.8
454,16813,7962.2,11707,2856.4
456,16467,7817.9,11509,2859.9
458,16128,7676.9,11315,2863.5
460,15797,7539,11125,2866.9
462,15474,7404.2,10940,2870.4
464,15157,7272.5,10759,2873.8
466,14848,7143.7,10581,2877.2
468,14545,7017.7,10408,2880.5
470,14249,6894.5,10238,2883.9
472,13959,6774.1,10072,2887.2
474,13675,6656.2,9909.1,2890.4
476,13397,6540.9,9749.9,2893.7
478,13125,6428.2,9594.1,2896.9
480,12859,6317.8,9441.6,2900.1
482,12599,6209.8,9292.2,2903.3
484,12344,6104.2,9146,2906.4
486,12094,6000.8,9002.8,2909.5
488,11850,5899.5,8862.6,2912.6
490,11610,5800.4,8725.2,2915.7
492,11375,5703.4,8590.7,2918.7
494,11146,5608.5,8458.9,2921.7
496,10920,5515.5,8329.7,2924.7
498,10700,5424.4,8203.2,2927.7
500,10484,5335.2,8079.2,2930.6
502,10272,5247.9,7957.7,2933.6
504,10064,5162.3,7838.6,2936.5
506,9861,5078.5,7721.8,2939.3
508,9661.6,4996.4,7607.4,2942.2
510,9466.1,4915.9,7495.2,2945
512,9274.4,4837.1,7385.2,2947.8
514,9086.5,4759.8,7277.3,2950.6
516,8902.2,4684.1,7171.5,2953.4
518,8721.5,4609.9,7067.7,2956.1
520,8544.3,4537.2,6965.9,2958.8
522,8370.5,4465.9,6866.1,2961.5
524,8200,4396,6768.2,2964.2
526,8032.7,4327.5,6672.1,2966.9
528,7868.6,4260.3,6577.8,2969.5
530,7707.6,4194.4,6485.3,2972.1
532,7549.7,4129.8,6394.6,2974.7
534,7394.6,4066.4,6305.5,2977.3
536,7242.5,4004.3,6218,2979.8
538,7093.2,3943.3,6132.2,2982.4
540,6946.6,3883.5,6047.9,2984.9
542,6802.7,3824.9,5965.2,2987.4
544,6661.4,3767.3,5884,2989.9
546,6522.8,3710.8,5804.3,2992.4
548,6386.6,3655.4,5726,2994.8
550,6252.9,3601.1,5649.1,2997.2
552,6121.6,3547.7,5573.6,2999.7
554,5992.6,3495.3,5499.4,3002.1
556,5866,3443.9,5426.5,3004.4
558,5741.6,3393.4,5355,3006.8
560,5619.4,3343.9,5284.6,3009.1
562,5499.4,3295.3,5215.6,3011.5
564,5381.4,3247.5,5147.7,3013.8
566,5265.5,3200.6,5081,3016.1
568,5151.7,3154.6,5015.4,3018.4
570,5039.8,3109.4,4951,3020.6
572,4929.8,3065,4887.7,3022.9
574,4821.8,3021.4,4825.5,3025.1
576,4715.6,2978.6,4764.3,3027.3
578,4611.2,2936.5,4704.2,3029.5
580,4508.5,2895.2,4645.1,3031.7
582,4407.6,2854.6,4586.9,3033.9
584,4308.5,2814.7,4529.8,3036
586,4210.9,2775.5,4473.6,3038.2
588,4115,2737,4418.3,3040.3
590,4020.7,2699.1,4364,3042.4
592,3928,2662,4310.5,3044.5
594,3836.8,2625.4,4258,3046.6
596,3747.1,2589.5,4206.3,3048.6
598,3658.9,2554.2,4155.4,3050.7
600,3572.1,2519.5,4105.3,3052.7
602,3486.7,2485.4,4056.1,3054.8
604,3402.7,2451.9,4007.7,3056.8
606,3320.1,2418.9,3960,3058.8
608,3238.8,2386.5,3913.1,3060.8
610,3158.8,2354.6,3867,3062.8
612,3080.1,2323.3,3821.5,3064.7
614,3002.6,2292.4,3776.8,3066.7
616,2926.4,2262.1,3732.8,3068.6
618,2851.3,2232.3,3689.5,3070.5
620,2777.5,2203,3646.9,3072.4
622,2704.8,2174.2,3604.9,3074.3
624,2633.2,2145.8,3563.6,3076.2
626,2562.8,2117.9,3522.9,3078.1
628,2493.4,2090.5,3482.9,3080
630,2425.1,2063.5,3443.4,3081.8
632,2357.9,2036.9,3404.6,3083.7
634,2291.7,2010.8,3366.4,3085.5
636,2226.5,1985.1,3328.7,3087.3
638,2162.3,1959.8,3291.6,3089.1
640,2099,1934.9,3255.1,3090.9
642,2036.8,1910.4,3219.1,3092.7
644,1975.4,1886.3,3183.6,3094.5
646,1915,1862.5,3148.7,3096.2
648,1855.5,1839.2,3114.3,3098
650,1796.9,1816.2,3080.4,3099.7
652,1739.1,1793.5,3047,3101.4
654,1682.2,1771.2,3014.1,3103.2
656,1626.1,1749.3,2981.7,3104.9
658,1570.9,1727.7,2949.7,3106.6
660,1516.4,1706.4,2918.3,3108.3
662,1462.8,1685.5,2887.2,3109.9
664,1409.9,1664.9,2856.6,3111.6
666,1357.8,1644.6,2826.5,3113.3
668,1306.5,1624.6,2796.8,3114.9
670,1255.9,1604.9,2767.5,3116.5
672,1206,1585.5,2738.6,3118.2
674,1156.8,1566.4,2710.2,3119.8
676,1108.4,1547.6,2682.1,3121.4
678,1060.6,1529.1,2654.5,3123
680,1013.5,1510.8,2627.2,3124.6
682,967.01,1492.9,2600.3,3126.2
684,921.21,1475.2,2573.8,3127.7
686,876.06,1457.7,2547.6,3129.3
688,831.53,1440.5,2521.8,3130.8
690,787.62,1423.6,2496.4,3132.4
692,744.32,1406.9,2471.3,3133.9
694,701.61,1390.5,2446.6,3135.4
696,659.5,1374.3,2422.2,3137
698,617.96,1358.3,2398.1,3138.5
700,576.98,1342.6,2374.4,3140
702,536.57,1327.1,2351,3141.5
704,496.7,1311.8,2327.9,3142.9
706,457.37,1296.7,2305.1,3144.4
708,418.57,1281.9,2282.6,3145.9
710,380.29,1267.2,2260.4,3147.3
712,342.53,1252.8,2238.5,3148.8
714,305.26,1238.6,2216.9,3150.2
716,268.5,1224.6,2195.6,3151.7
718,232.22,1210.8,2174.5,3153.1
720,196.41,1197.1,2153.8,3154.5
722,161.08,1183.7,2133.3,3155.9
724,126.22,1170.5,2113.1,3157.3
726,91.808,1157.4,2093.1,3158.7
728,57.845,1144.5,2073.4,3160.1
730,24.324,1131.8,2054,3161.5
732,-8.7628,1119.3,2034.8,3162.8
734,-41.423,1107,2015.8,3164.2
736,-73.663,1094.8,1997.1,3165.6
738,-105.49,1082.8,1978.7,3166.9
740,-136.91,1070.9,1960.4,3168.3
742,-167.93,1059.2,1942.4,3169.6
744,-198.55,1047.7,1924.6,3170.9
746,-228.79,1036.3,1907.1,3172.2
748,-258.65,1025.1,1889.8,3173.6
750,-288.13,1014.1,1872.7,3174.9
752,-317.24,1003.2,1855.8,3176.2
754,-345.99,992.39,1839.1,3177.4
756,-374.38,981.77,1822.6,3178.7
758,-402.41,971.29,1806.3,3180
760,-430.1,960.96,1790.2,3181.3
762,-457.45,950.75,1774.3,3182.5
764,-484.46,940.69,1758.7,3183.8
766,-511.14,930.75,1743.2,3185.1
768,-537.49,920.95,1727.9,3186.3
770,-563.53,911.28,1712.7,3187.5
772,-589.24,901.73,1697.8,3188.8
774,-614.65,892.31,1683,3190
776,-639.74,883.01,1668.5,3191.2
778,-664.54,873.84,1654.1,3192.4
780,-689.04,864.78,1639.8,3193.6
782,-713.24,855.84,1625.8,3194.8
784,-737.16,847.02,1611.9,3196
786,-760.79,838.31,1598.1,3197.2
788,-784.14,829.71,1584.6,3198.4
790,-807.22,821.22,1571.2,3199.6
792,-830.02,812.84,1557.9,3200.8
794,-852.56,804.56,1544.8,3201.9
796,-874.83,796.4,1531.9,3203.1
798,-896.84,788.33,1519.1,3204.2
800,-918.6,780.37,1506.4,3205.4
802,-940.1,772.51,1493.9,3206.5
804,-961.36,764.75,1481.6,3207.7
806,-982.37,757.08,1469.3,3208.8
808,-1003.1,749.51,1457.3,3209.9
810,-1023.7,742.04,1445.3,3211
812,-1044,734.65,1433.5,3212.2
814,-1064,727.37,1421.9,3213.3
816,-1083.9,720.17,1410.3,3214.4
818,-1103.5,713.06,1398.9,3215.5
820,-1122.9,706.03,1387.7,3216.6
822,-1142,699.1,1376.5,3217.6
824,-1161,692.25,1365.5,3218.7
826,-1179.7,685.48,1354.6,3219.8
828,-1198.3,678.8,1343.8,3220.9
830,-1216.6,672.19,1333.2,3221.9
832,-1234.7,665.67,1322.6,3223
834,-1252.6,659.23,1312.2,3224.1
836,-1270.4,652.86,1301.9,3225.1
838,-1287.9,646.57,1291.7,3226.1
840,-1305.2,640.36,1281.6,3227.2
842,-1322.4,634.22,1271.6,3228.2
844,-1339.3,628.16,1261.8,3229.3
846,-1356.1,622.16,1252,3230.3
848,-1372.7,616.24,1242.3,3231.3
850,-1389.1,610.39,1232.8,3232.3
852,-1405.4,604.61,1223.3,3233.3
854,-1421.4,598.9,1214,3234.3
856,-1437.3,593.25,1204.8,3235.3
858,-1453.1,587.68,1195.6,3236.3
860,-1468.6,582.16,1186.6,3237.3
862,-1484,576.71,1177.6,3238.3
864,-1499.2,571.33,1168.7,3239.3
866,-1514.3,566.01,1160,3240.3
868,-1529.2,560.75,1151.3,3241.3
870,-1544,555.55,1142.7,3242.2
872,-1558.6,550.41,1134.2,3243.2
874,-1573,545.33,1125.8,3244.2
876,-1587.3,540.31,1117.5,3245.1
878,-1601.4,535.35,1109.3,3246.1
880,-1615.4,530.44,1101.1,3247
882,-1629.3,525.59,1093.1,3248
884,-1643,520.8,1085.1,3248.9
886,-1656.6,516.06,1077.2,3249.8
888,-1670,511.37,1069.4,3250.8
890,-1683.3,506.74,1061.7,3251.7
892,-1696.5,502.16,1054,3252.6
894,-1709.5,497.63,1046.4,3253.5
896,-1722.4,493.16,1038.9,3254.4
898,-1735.1,488.73,1031.5,3255.4
900,-1747.8,484.35,1024.1,3256.3
