190,4.2903e+05,2.268e+05,2.0418e+05,1951.9
200,3.3306e+05,1.7826e+05,1.5686e+05,2060.4
210,2.6303e+05,1.4206e+05,1.2313e+05,2158.5
220,2.1081e+05,1.1463e+05,98430,2247.7
230,1.7112e+05,93531,79921,2329.1
240,1.4047e+05,77094,65777,2403.8
250,1.1645e+05,64133,54784,2472.4
260,97378,53802,46112,2535.8
270,82069,45484,39180,2594.5
280,69648,38725,33573,2649
290,59474,33185,28989,2699.8
300,51069,28609,25207,2747.2
310,44069,24801,22059,2791.5
312,42812,24118,21494,2800
314,41598,23458,20948,2808.4
316,40425,22821,20420,2816.7
318,39292,22206,19911,2824.9
320,38196,21612,19418,2833
322,37137,21037,18941,2841
324,36113,20482,18480,2848.9
326,35122,19945,18035,2856.7
328,34164,19425,17603,2864.4
330,33236,18923,17185,2872
332,32338,18437,16781,2879.6
334,31468,17966,16389,2887
336,30626,17511,16010,2894.3
338,29810,17070,15642,2901.6
340,29020,16643,15286,2908.8
342,28254,16229,14941,2915.8
344,27511,15828,14606,2922.8
346,26791,15440,14281,2929.8
348,26092,15063,13966,2936.6
350,25415,14698,13660,2943.4
352,24758,14345,13363,2950.1
354,24120,14001,13075,2956.7
356,23501,13669,12796,2963.2
358,22900,13346,12524,2969.7
360,22316,13032,12260,2976.1
362,21749,12728,12004,2982.4
364,21199,12433,11754,2988.7
366,20664,12146,11512,2994.9
368,20144,11868,11277,3001
370,19638,11597,11048,3007
372,19147,11335,10825,3013
374,18669,11079,10609,3018.9
376,18205,10831,10398,3024.8
378,17753,10590,10193,3030.6
380,17313,10356,9993.6,3036.3
382,16886,10128,9799.3,3042
384,16469,9906.7,9610.2,3047.6
386,16064,9691.3,9426.1,3053.2
388,15670,9481.7,9246.7,3058.7
390,15286,9277.7,9072,3064.1
392,14912,9079.3,8901.7,3069.5
394,14547,8886.2,8735.8,3074.9
396,14192,8698.3,8574.1,3080.1
398,13846,8515.3,8416.5,3085.4
400,13509,8337.2,8262.8,3090.6
402,13181,8163.7,8113,3095.7
404,12861,7994.8,7966.9,3100.8
406,12549,7830.2,7824.3,3105.8
408,12244,7669.9,7685.3,3110.8
410,11948,7513.7,7549.6,3115.7
412,11658,7361.4,7417.2,3120.6
414,11376,7213.1,7287.9,3125.4
416,11100,7068.5,7161.8,3130.2
418,10831,6927.5,7038.6,3134.9
420,10569,6790,6918.4,3139.6
422,10313,6656,6800.9,3144.3
424,10063,6525.3,6686.2,3148.9
426,9818.5,6397.8,6574.1,3153.4
428,9580.1,6273.4,6464.7,3157.9
430,9347.3,6152.1,6357.7,3162.4
432,9119.9,6033.6,6253.1,3166.9
434,8897.8,5918.1,6151,3171.3
436,8680.8,5805.3,6051.1,3175.6
438,8468.7,5695.2,5953.4,3179.9
440,8261.5,5587.7,5858,3184.2
442,8058.9,5482.8,5764.6,3188.4
444,7861,5380.3,5673.3,3192.6
446,7667.4,5280.3,5583.9,3196.8
448,7478.2,5182.5,5496.6,3200.9
450,7293.1,5087.1,5411.1,3205
452,7112.2,4993.8,5327.4,3209.1
454,6935.2,4902.7,5245.5,3213.1
456,6762,4813.7,5165.4,3217.1
458,6592.6,4726.6,5087,3221
460,6426.9,4641.6,5010.2,3224.9
462,6264.7,4558.5,4935,3228.8
464,6106,4477.2,4861.4,3232.6
466,5950.6,4397.8,4789.3,3236.5
468,5798.5,4320.1,4718.7,3240.2
470,5649.7,4244.1,4649.5,3244
472,5503.9,4169.8,4581.8,3247.7
474,5361.2,4097.2,4515.4,3251.4
476,5221.4,4026.1,4450.3,3255
478,5084.5,3956.6,4386.6,3258.7
480,4950.4,3888.5,4324.1,3262.3
482,4819,3822,4262.9,3265.8
484,4690.3,3756.8,4202.9,3269.3
486,4564.2,3693.1,4144,3272.9
488,4440.7,3630.7,4086.3,3276.3
490,4319.6,3569.6,4029.7,3279.8
492,4200.9,3509.8,3974.3,3283.2
494,4084.6,3451.3,3919.8,3286.6
496,3970.5,3394,3866.5,3289.9
498,3858.7,3337.9,3814.1,3293.3
500,3749.1,3282.9,3762.7,3296.6
502,3641.6,3229.1,3712.3,3299.9
504,3536.1,3176.4,3662.9,3303.1
506,3432.7,3124.7,3614.4,3306.4
508,3331.3,3074.2,3566.7,3309.6
510,3231.8,3024.6,3520,3312.8
512,3134.2,2976,3474.1,3315.9
514,3038.4,2928.4,3429,3319
516,2944.5,2881.8,3384.8,3322.1
518,2852.3,2836.1,3341.4,3325.2
520,2761.8,2791.3,3298.7,3328.3
522,2672.9,2747.4,3256.9,3331.3
524,2585.7,2704.3,3215.7,3334.3
526,2500.1,2662.1,3175.3,3337.3
528,2416.1,2620.8,3135.6,3340.3
530,2333.6,2580.2,3096.7,3343.2
532,2252.6,2540.4,3058.4,3346.2
534,2173.1,2501.4,3020.7,3349.1
536,2094.9,2463.1,2983.7,3351.9
538,2018.2,2425.6,2947.4,3354.8
540,1942.8,2388.8,2911.7,3357.6
542,1868.8,2352.6,2876.6,3360.5
544,1796.1,2317.2,2842.1,3363.3
546,1724.6,2282.4,2808.2,3366
548,1654.4,2248.3,2774.8,3368.8
550,1585.4,2214.9,2742,3371.5
552,1517.6,2182,2709.8,3374.2
554,1450.9,2149.8,2678.1,3376.9
556,1385.4,2118.1,2646.9,3379.6
558,1321.1,2087,2616.3,3382.3
560,1257.8,2056.6,2586.1,3384.9
562,1195.6,2026.6,2556.5,3387.5
564,1134.4,1997.2,2527.3,3390.1
566,1074.3,1968.4,2498.6,3392.7
568,1015.1,1940,2470.3,3395.3
570,956.97,1912.2,2442.6,3397.8
572,899.77,1884.9,2415.2,3400.3
574,843.52,1858,2388.3,3402.8
576,788.19,1831.7,2361.8,3405.3
578,733.77,1805.8,2335.8,3407.8
580,680.23,1780.4,2310.1,3410.3
582,627.55,1755.4,2284.9,3412.7
584,575.73,1730.8,2260,3415.1
586,524.74,1706.7,2235.6,3417.5
588,474.56,1683,2211.5,3419.9
590,425.18,1659.7,2187.8,3422.3
592,376.59,1636.9,2164.4,3424.7
594,328.76,1614.4,2141.4,3427
596,281.69,1592.3,2118.8,3429.3
598,235.35,1570.6,2096.4,3431.7
600,189.73,1549.2,2074.5,3433.9
602,144.82,1528.2,2052.8,3436.2
604,100.61,1507.6,2031.5,3438.5
606,57.08,1487.3,2010.5,3440.7
608,14.215,1467.4,1989.8,3443
610,-27.995,1447.7,1969.5,3445.2
612,-69.562,1428.5,1949.4,3447.4
614,-110.5,1409.5,1929.6,3449.6
616,-150.82,1390.9,1910.1,3451.8
618,-190.53,1372.5,1890.9,3454
620,-229.65,1354.5,1871.9,3456.1
622,-268.19,1336.8,1853.3,3458.2
624,-306.16,1319.3,1834.9,3460.4
626,-343.56,1302.2,1816.8,3462.5
628,-380.41,1285.3,1798.9,3464.6
630,-416.72,1268.7,1781.3,3466.7
632,-452.5,1252.3,1763.9,3468.7
634,-487.77,1236.3,1746.8,3470.8
636,-522.51,1220.4,1729.9,3472.8
638,-556.76,1204.9,1713.2,3474.9
640,-590.52,1189.6,1696.8,3476.9
642,-623.79,1174.5,1680.6,3478.9
644,-656.59,1159.6,1664.6,3480.9
646,-688.92,1145,1648.9,3482.9
648,-720.79,1130.7,1633.4,3484.8
650,-752.21,1116.5,1618,3486.8
652,-783.19,1102.6,1602.9,3488.7
654,-813.74,1088.9,1588,3490.7
656,-843.87,1075.4,1573.3,3492.6
658,-873.57,1062.1,1558.8,3494.5
660,-902.86,1049,1544.5,3496.4
662,-931.75,1036.2,1530.3,3498.3
664,-960.25,1023.5,1516.4,3500.1
666,-988.35,1011,1502.7,3502
668,-1016.1,998.71,1489.1,3503.9
670,-1043.4,986.61,1475.7,3505.7
672,-1070.4,974.68,1462.5,3507.5
674,-1097,962.94,1449.4,3509.4
676,-1123.3,951.37,1436.5,3511.2
678,-1149.2,939.98,1423.8,3513
680,-1174.7,928.76,1411.3,3514.7
682,-1199.9,917.7,1398.9,3516.5
684,-1224.8,906.81,1386.7,3518.3
686,-1249.4,896.08,1374.6,3520
688,-1273.6,885.51,1362.7,3521.8
690,-1297.5,875.1,1350.9,3523.5
692,-1321.1,864.84,1339.3,3525.3
694,-1344.5,854.73,1327.8,3527
696,-1367.5,844.76,1316.5,3528.7
698,-1390.2,834.95,1305.3,3530.4
700,-1412.6,825.27,1294.2,3532.1
702,-1434.7,815.74,1283.3,3533.7
704,-1456.5,806.34,1272.5,3535.4
706,-1478.1,797.08,1261.9,3537.1
708,-1499.4,787.95,1251.4,3538.7
710,-1520.4,778.95,1241,3540.4
712,-1541.2,770.08,1230.7,3542
714,-1561.7,761.34,1220.6,3543.6
716,-1581.9,752.72,1210.6,3545.2
718,-1601.9,744.23,1200.7,3546.8
720,-1621.7,735.85,1190.9,3548.4
722,-1641.2,727.59,1181.2,3550
724,-1660.5,719.45,1171.7,3551.6
726,-1679.5,711.42,1162.2,3553.1
728,-1698.3,703.5,1152.9,3554.7
730,-1716.9,695.69,1143.7,3556.3
732,-1735.2,687.99,1134.6,3557.8
734,-1753.3,680.4,1125.6,3559.3
736,-1771.2,672.92,1116.7,3560.9
738,-1788.9,665.53,1107.9,3562.4
740,-1806.4,658.25,1099.2,3563.9
742,-1823.7,651.07,1090.6,3565.4
744,-1840.7,643.98,1082.2,3566.9
746,-1857.6,636.99,1073.8,3568.4
748,-1874.3,630.1,1065.5,3569.8
750,-1890.7,623.3,1057.3,3571.3
752,-1907,616.59,1049.2,3572.8
754,-1923.1,609.97,1041.1,3574.2
756,-1939,603.44,1033.2,3575.7
758,-1954.7,597,1025.4,3577.1
760,-1970.3,590.64,1017.6,3578.5
762,-1985.6,584.37,1010,3580
764,-2000.8,578.18,1002.4,3581.4
766,-2015.8,572.07,994.89,3582.8
768,-2030.7,566.05,987.48,3584.2
770,-2045.3,560.1,980.15,3585.6
772,-2059.8,554.23,972.9,3587
774,-2074.2,548.44,965.73,3588.3
776,-2088.4,542.72,958.64,3589.7
778,-2102.4,537.08,951.62,3591.1
780,-2116.2,531.51,944.68,3592.4
782,-2130,526.02,937.82,3593.8
784,-2143.5,520.59,931.03,3595.1
786,-2156.9,515.24,924.31,3596.5
788,-2170.2,509.95,917.66,3597.8
790,-2183.3,504.73,911.09,3599.1
792,-2196.3,499.58,904.58,3600.4
794,-2209.1,494.5,898.14,3601.8
796,-2221.8,489.47,891.78,3603.1
798,-2234.4,484.52,885.47,3604.4
800,-2246.8,479.62,879.24,3605.6
802,-2259.1,474.79,873.07,3606.9
804,-2271.2,470.02,866.96,3608.2
806,-2283.3,465.31,860.92,3609.5
808,-2295.2,460.65,854.93,3610.7
810,-2306.9,456.06,849.02,3612
812,-2318.6,451.52,843.16,3613.3
814,-2330.1,447.04,837.36,3614.5
816,-2341.5,442.61,831.62,3615.7
818,-2352.8,438.24,825.94,3617
820,-2364,433.93,820.32,3618.2
822,-2375,429.66,814.75,3619.4
824,-2386,425.45,809.24,3620.6
826,-2396.8,421.29,803.79,3621.9
828,-2407.5,417.18,798.39,3623.1
830,-2418.1,413.12,793.04,3624.3
832,-2428.6,409.12,787.75,3625.5
834,-2439,405.15,782.51,3626.6
836,-2449.3,401.24,777.32,3627.8
838,-2459.4,397.38,772.18,3629
840,-2469.5,393.56,767.1,3630.2
842,-2479.5,389.78,762.06,3631.3
844,-2489.4,386.06,757.07,3632.5
846,-2499.1,382.37,752.13,3633.7
848,-2508.8,378.73,747.24,3634.8
850,-2518.4,375.14,742.4,3635.9
852,-2527.9,371.58,737.6,3637.1
854,-2537.3,368.07,732.85,3638.2
856,-2546.6,364.6,728.15,3639.3
858,-2555.8,361.17,723.49,3640.5
860,-2564.9,357.78,718.88,3641.6
862,-2574,354.44,714.31,3642.7
864,-2582.9,351.13,709.78,3643.8
866,-2591.8,347.85,705.29,3644.9
868,-2600.5,344.62,700.85,3646
870,-2609.2,341.43,696.45,3647.1
872,-2617.8,338.27,692.09,3648.2
874,-2626.3,335.15,687.77,3649.3
876,-2634.8,332.06,683.5,3650.3
878,-2643.1,329.01,679.26,3651.4
880,-2651.4,325.99,675.06,3652.5
882,-2659.6,323.01,670.9,3653.5
884,-2667.7,320.07,666.78,3654.6
886,-2675.8,317.15,662.69,3655.6
888,-2683.8,314.27,658.65,3656.7
890,-2691.7,311.43,654.64,3657.7
892,-2699.5,308.61,650.67,3658.8
894,-2707.2,305.83,646.73,3659.8
896,-2714.9,303.08,642.83,3660.8
898,-2722.5,300.35,638.96,3661.9
900,-2730.1,297.66,635.13,3662.9
